#
# There is insufficient memory for the Java Runtime Environment to continue.
# Native memory allocation (malloc) failed to allocate 32744 bytes for Chunk::new
# Possible reasons:
#   The system is out of physical RAM or swap space
#   The process is running with CompressedOops enabled, and the Java Heap may be blocking the growth of the native heap
# Possible solutions:
#   Reduce memory load on the system
#   Increase physical memory or swap space
#   Check if swap backing store is full
#   Decrease Java heap size (-Xmx/-Xms)
#   Decrease number of Java threads
#   Decrease Java thread stack sizes (-Xss)
#   Set larger code cache with -XX:ReservedCodeCacheSize=
#   JVM is running with Zero Based Compressed Oops mode in which the Java heap is
#     placed in the first 32GB address space. The Java Heap base address is the
#     maximum limit for the native heap growth. Please use -XX:HeapBaseMinAddress
#     to set the Java Heap base and to place the Java Heap above 32GB virtual address.
# This output file may be truncated or incomplete.
#
#  Out of Memory Error (arena.cpp:184), pid=8236, tid=24636
#
# JRE version: Java(TM) SE Runtime Environment (20.0+36) (build 20+36-2344)
# Java VM: Java HotSpot(TM) 64-Bit Server VM (20+36-2344, mixed mode, sharing, tiered, compressed oops, compressed class ptrs, g1 gc, windows-amd64)
# No core dump will be written. Minidumps are not enabled by default on client versions of Windows
#

---------------  S U M M A R Y ------------

Command Line: -Dfile.encoding=UTF-8 -XX:+ShowCodeDetailsInExceptionMessages GUI_RoleNhanVien.GUI_QuanLiPhongRNV

Host: Intel(R) Core(TM) i5-8265U CPU @ 1.60GHz, 8 cores, 11G,  Windows 10 , 64 bit Build 19041 (10.0.19041.2788)
Time: Tue May  9 21:46:24 2023 SE Asia Standard Time elapsed time: 177.450481 seconds (0d 0h 2m 57s)

---------------  T H R E A D  ---------------

Current thread (0x000001d2ff3cf8b0):  JavaThread "AWT-EventQueue-0" [_thread_in_vm, id=24636, stack(0x000000c338800000,0x000000c338900000)]

Stack: [0x000000c338800000,0x000000c338900000]
Native frames: (J=compiled Java code, j=interpreted, Vv=VM code, C=native code)
V  [jvm.dll+0x6bb95a]
V  [jvm.dll+0x8483aa]
V  [jvm.dll+0x849fa5]
V  [jvm.dll+0x84a6a3]
V  [jvm.dll+0x280b0f]
V  [jvm.dll+0xc2b11]
V  [jvm.dll+0xc2e35]
V  [jvm.dll+0x83e348]
V  [jvm.dll+0x83d9ca]
V  [jvm.dll+0x47c034]
C  0x000001d28fb08909

Java frames: (J=compiled Java code, j=interpreted, Vv=VM code)
J 1036  java.security.AccessController.getStackAccessControlContext()Ljava/security/AccessControlContext; java.base@20 (0 bytes) @ 0x000001d28fb08876 [0x000001d28fb08820+0x0000000000000056]
J 2767 c2 java.security.AccessController.getContext()Ljava/security/AccessControlContext; java.base@20 (23 bytes) @ 0x000001d28fbbd584 [0x000001d28fbbd560+0x0000000000000024]
J 1109 c1 java.awt.AWTEvent.<init>(Ljava/lang/Object;I)V java.desktop@20 (81 bytes) @ 0x000001d2881896cc [0x000001d288189560+0x000000000000016c]
J 2132 c1 java.awt.event.InvocationEvent.<init>(Ljava/lang/Object;ILjava/lang/Runnable;Ljava/lang/Object;Ljava/lang/Runnable;Z)V java.desktop@20 (47 bytes) @ 0x000001d28838dbdc [0x000001d28838db40+0x000000000000009c]
j  java.awt.event.InvocationEvent.<init>(Ljava/lang/Object;Ljava/lang/Runnable;Ljava/lang/Object;Z)V+10 java.desktop@20
j  sun.awt.PeerEvent.<init>(Ljava/lang/Object;Ljava/lang/Runnable;Ljava/lang/Object;ZJ)V+6 java.desktop@20
j  sun.awt.PeerEvent.<init>(Ljava/lang/Object;Ljava/lang/Runnable;J)V+6 java.desktop@20
j  sun.awt.SunToolkit.executeOnEventHandlerThread(Ljava/lang/Object;Ljava/lang/Runnable;)V+7 java.desktop@20
j  sun.awt.windows.WWindowPeer.displayChanged()V+10 java.desktop@20
j  sun.awt.SunDisplayChanger.notifyListeners()V+108 java.desktop@20
j  sun.awt.Win32GraphicsDevice.displayChanged()V+39 java.desktop@20
j  sun.awt.Win32GraphicsEnvironment.displayChanged()V+198 java.desktop@20
j  sun.awt.windows.WToolkit.lambda$displayChanged$4()V+15 java.desktop@20
j  sun.awt.windows.WToolkit$$Lambda$201+0x000000080124e9a0.run()V+0 java.desktop@20
J 2169 c1 java.awt.event.InvocationEvent.dispatch()V java.desktop@20 (69 bytes) @ 0x000001d2883bb6a4 [0x000001d2883bb480+0x0000000000000224]
j  java.awt.EventQueue.dispatchEventImpl(Ljava/awt/AWTEvent;Ljava/lang/Object;)V+21 java.desktop@20
J 2123 c1 java.awt.EventQueue$4.run()Ljava/lang/Void; java.desktop@20 (60 bytes) @ 0x000001d2883876b4 [0x000001d288387560+0x0000000000000154]
J 2074 c1 java.awt.EventQueue.dispatchEvent(Ljava/awt/AWTEvent;)V java.desktop@20 (80 bytes) @ 0x000001d288362c0c [0x000001d288362640+0x00000000000005cc]
J 2124 c1 java.awt.EventDispatchThread.pumpOneEventForFilters(I)V java.desktop@20 (106 bytes) @ 0x000001d288389384 [0x000001d288388ba0+0x00000000000007e4]
j  java.awt.EventDispatchThread.pumpEventsForFilter(ILjava/awt/Conditional;Ljava/awt/EventFilter;)V+35 java.desktop@20
j  java.awt.EventDispatchThread.pumpEventsForHierarchy(ILjava/awt/Conditional;Ljava/awt/Component;)V+11 java.desktop@20
j  java.awt.EventDispatchThread.pumpEvents(ILjava/awt/Conditional;)V+4 java.desktop@20
j  java.awt.EventDispatchThread.pumpEvents(Ljava/awt/Conditional;)V+3 java.desktop@20
j  java.awt.EventDispatchThread.run()V+9 java.desktop@20
v  ~StubRoutines::call_stub 0x000001d28f52100d

Compiled method (n/a)  177531 1036     n 0       java.security.AccessController::getStackAccessControlContext (native)
 total in heap  [0x000001d28fb08690,0x000001d28fb08c40] = 1456
 relocation     [0x000001d28fb087d8,0x000001d28fb08810] = 56
 main code      [0x000001d28fb08820,0x000001d28fb08c3b] = 1051
 stub code      [0x000001d28fb08c3b,0x000001d28fb08c40] = 5

[Constant Pool (empty)]

[MachCode]
[Entry Point]
  # {method} {0x0000000800470648} 'getStackAccessControlContext' '()Ljava/security/AccessControlContext;' in 'java/security/AccessController'
  #           [sp+0x70]  (sp of caller)
  0x000001d28fb08820: 448b 5208 | 49bb 0000 | 0000 0800 | 0000 4d03 | d349 3bc2 | 0f84 0600 

  0x000001d28fb08838: ;   {runtime_call ic_miss_stub}
  0x000001d28fb08838: 0000 e9c1 | b5a7 ff90 
[Verified Entry Point]
  0x000001d28fb08840: 8984 2400 | 80ff ff55 | 488b ec48 | 83ec 6090 | 4181 7f20 | 0100 0000 

  0x000001d28fb08858: ;   {runtime_call StubRoutines (2)}
  0x000001d28fb08858: 7405 e8c1 

  0x000001d28fb0885c: ;   {oop(a 'java/lang/Class'{0x000000074dfebb60} = 'java/security/AccessController')}
  0x000001d28fb0885c: 14a6 ff49 | be60 bbfe | 4d07 0000 | 004c 8974 | 2450 4c8d | 7424 5049 | 8bd6 c5f8 

  0x000001d28fb08878: ;   {internal_word}
  0x000001d28fb08878: 7749 ba76 | 88b0 8fd2 | 0100 004d | 8997 c802 | 0000 4989 | a7c0 0200 

  0x000001d28fb08890: ;   {external_word}
  0x000001d28fb08890: 0049 baf1 | 0928 6ef8 | 7f00 0041 | 803a 000f | 8446 0000 

  0x000001d28fb088a4: ;   {metadata({method} {0x0000000800470648} 'getStackAccessControlContext' '()Ljava/security/AccessControlContext;' in 'java/security/AccessController')}
  0x000001d28fb088a4: 0052 48ba | 4006 4700 | 0800 0000 | 498b cf48 | 83ec 2040 | f6c4 0f0f | 8419 0000 | 0048 83ec 
  0x000001d28fb088c4: ;   {runtime_call}
  0x000001d28fb088c4: 0848 b8a0 | 06df 6df8 | 7f00 00ff | d048 83c4 | 08e9 0c00 

  0x000001d28fb088d8: ;   {runtime_call}
  0x000001d28fb088d8: 0000 48b8 | a006 df6d | f87f 0000 | ffd0 4883 | c420 5a49 | 8d8f e002 | 0000 41c7 | 8774 0300 
  0x000001d28fb088f8: 0004 0000 

  0x000001d28fb088fc: ;   {runtime_call}
  0x000001d28fb088fc: 0048 b814 | 109b aff8 | 7f00 00ff | d0c5 f877 | 41c7 8774 | 0300 0005 | 0000 00f0 | 8344 24c0 
  0x000001d28fb0891c: 0049 3baf | 7803 0000 | 0f87 0e00 | 0000 4183 | bf70 0300 | 0000 0f84 | 2b00 0000 | c5f8 7748 
  0x000001d28fb0893c: 8945 f849 | 8bcf 4c8b | e448 83ec | 2048 83e4 

  0x000001d28fb0894c: ;   {runtime_call}
  0x000001d28fb0894c: f048 b860 | fcab 6df8 | 7f00 00ff | d049 8be4 | 4d33 e448 | 8b45 f841 | c787 7403 | 0000 0800 
  0x000001d28fb0896c: 0000 4183 | bff0 0300 | 0002 0f84 | 9202 0000 

  0x000001d28fb0897c: ;   {external_word}
  0x000001d28fb0897c: 49ba f109 | 286e f87f | 0000 4180 | 3a00 0f84 | 4c00 0000 | 4889 45f8 

  0x000001d28fb08994: ;   {metadata({method} {0x0000000800470648} 'getStackAccessControlContext' '()Ljava/security/AccessControlContext;' in 'java/security/AccessController')}
  0x000001d28fb08994: 48ba 4006 | 4700 0800 | 0000 498b | cf48 83ec | 2040 f6c4 | 0f0f 8419 | 0000 0048 

  0x000001d28fb089b0: ;   {runtime_call}
  0x000001d28fb089b0: 83ec 0848 | b8a0 06df | 6df8 7f00 | 00ff d048 | 83c4 08e9 | 0c00 0000 

  0x000001d28fb089c8: ;   {runtime_call}
  0x000001d28fb089c8: 48b8 a006 | df6d f87f | 0000 ffd0 | 4883 c420 | 488b 45f8 | 49c7 87c0 | 0200 0000 | 0000 0049 
  0x000001d28fb089e8: c787 c802 | 0000 0000 | 0000 c5f8 | 7748 85c0 | 0f84 ed01 | 0000 a801 | 0f84 e201 | 0000 488b 
  0x000001d28fb08a08: 40ff 4180 | 7f40 000f | 84ce 0100 | 0048 83f8 | 000f 84c4 | 0100 0049 | 8b4f 2848 | 83f9 000f 
  0x000001d28fb08a28: 8414 0000 | 0048 83e9 | 0849 894f | 2849 034f | 3848 8901 | e9a2 0100 | 0048 81ec | d000 0000 
  0x000001d28fb08a48: 4889 0424 | 4889 4c24 | 0848 8954 | 2410 4889 | 7424 1848 | 897c 2420 | 4c89 4424 | 284c 894c 
  0x000001d28fb08a68: 2430 4c89 | 5424 384c | 895c 2440 | c5fb 1144 | 2450 c5fb | 114c 2458 | c5fb 1154 | 2460 c5fb 
  0x000001d28fb08a88: 115c 2468 | c5fb 1164 | 2470 c5fb | 116c 2478 | c5fb 11b4 | 2480 0000 | 00c5 fb11 | bc24 8800 
  0x000001d28fb08aa8: 0000 c57b | 1184 2490 | 0000 00c5 | 7b11 8c24 | 9800 0000 | c57b 1194 | 24a0 0000 | 00c5 7b11 
  0x000001d28fb08ac8: 9c24 a800 | 0000 c57b | 11a4 24b0 | 0000 00c5 | 7b11 ac24 | b800 0000 | c57b 11b4 | 24c0 0000 
  0x000001d28fb08ae8: 00c5 7b11 | bc24 c800 | 0000 498b | d748 8bc8 | 4883 ec20 | 40f6 c40f | 0f84 1900 | 0000 4883 
  0x000001d28fb08b08: ;   {runtime_call}
  0x000001d28fb08b08: ec08 48b8 | 003d 9f6d | f87f 0000 | ffd0 4883 | c408 e90c 

  0x000001d28fb08b1c: ;   {runtime_call}
  0x000001d28fb08b1c: 0000 0048 | b800 3d9f | 6df8 7f00 | 00ff d048 | 83c4 20c5 | 7b10 bc24 | c800 0000 | c57b 10b4 
  0x000001d28fb08b3c: 24c0 0000 | 00c5 7b10 | ac24 b800 | 0000 c57b | 10a4 24b0 | 0000 00c5 | 7b10 9c24 | a800 0000 
  0x000001d28fb08b5c: c57b 1094 | 24a0 0000 | 00c5 7b10 | 8c24 9800 | 0000 c57b | 1084 2490 | 0000 00c5 | fb10 bc24 
  0x000001d28fb08b7c: 8800 0000 | c5fb 10b4 | 2480 0000 | 00c5 fb10 | 6c24 78c5 | fb10 6424 | 70c5 fb10 | 5c24 68c5 
  0x000001d28fb08b9c: fb10 5424 | 60c5 fb10 | 4c24 58c5 | fb10 4424 | 504c 8b5c | 2440 4c8b | 5424 384c | 8b4c 2430 
  0x000001d28fb08bbc: 4c8b 4424 | 2848 8b7c | 2420 488b | 7424 1848 | 8b54 2410 | 488b 4c24 | 0848 8b04 | 2448 81c4 
  0x000001d28fb08bdc: d000 0000 | c5f8 77e9 | 0300 0000 | 488b 0049 | 8b8f 5003 | 0000 c781 | 0001 0000 | 0000 0000 
  0x000001d28fb08bfc: c949 837f | 0800 0f85 | 0100 0000 

  0x000001d28fb08c08: ;   {runtime_call StubRoutines (1)}
  0x000001d28fb08c08: c3e9 f282 | a1ff c5f8 | 7748 8945 | f84c 8be4 | 4883 ec20 | 4883 e4f0 

  0x000001d28fb08c20: ;   {runtime_call}
  0x000001d28fb08c20: 48b8 403d | df6d f87f | 0000 ffd0 | 498b e44d | 33e4 488b | 45f8 e941 | fdff fff4 | f4f4 f4f4 
[/MachCode]


Compiled method (c2)  177547 2767       4       java.security.AccessController::getContext (23 bytes)
 total in heap  [0x000001d28fbbd390,0x000001d28fbbe120] = 3472
 relocation     [0x000001d28fbbd4d8,0x000001d28fbbd548] = 112
 main code      [0x000001d28fbbd560,0x000001d28fbbdc70] = 1808
 stub code      [0x000001d28fbbdc70,0x000001d28fbbdcc0] = 80
 metadata       [0x000001d28fbbdcc0,0x000001d28fbbdcf8] = 56
 scopes data    [0x000001d28fbbdcf8,0x000001d28fbbdf30] = 568
 scopes pcs     [0x000001d28fbbdf30,0x000001d28fbbe060] = 304
 dependencies   [0x000001d28fbbe060,0x000001d28fbbe068] = 8
 handler table  [0x000001d28fbbe068,0x000001d28fbbe110] = 168
 nul chk table  [0x000001d28fbbe110,0x000001d28fbbe120] = 16

[Constant Pool (empty)]

[MachCode]
[Verified Entry Point]
  # {method} {0x0000000800470770} 'getContext' '()Ljava/security/AccessControlContext;' in 'java/security/AccessController'
  #           [sp+0x70]  (sp of caller)
  0x000001d28fbbd560: 8984 2400 | 80ff ff55 | 4883 ec60 | 4181 7f20 | 0100 0000 | 0f85 ea06 | 0000 6690 

  0x000001d28fbbd57c: ;   {static_call}
  0x000001d28fbbd57c: c5f8 77e8 

  0x000001d28fbbd580: ; ImmutableOopMap {}
                      ;*invokestatic getStackAccessControlContext {reexecute=0 rethrow=0 return_oop=1}
                      ; - java.security.AccessController::getContext@0 (line 1006)
  0x000001d28fbbd580: bcb2 f4ff | 4889 4424 | 2048 85c0 | 0f84 ad01 | 0000 440f | b650 0c45 | 85d2 7524 

  0x000001d28fbbd59c: ;   {static_call}
  0x000001d28fbbd59c: c5f8 77e8 

  0x000001d28fbbd5a0: ; ImmutableOopMap {[32]=Oop }
                      ;*invokestatic getInheritedAccessControlContext {reexecute=0 rethrow=0 return_oop=1}
                      ; - java.security.AccessControlContext::optimize@44 (line 589)
                      ; - java.security.AccessController::getContext@19 (line 1012)
  0x000001d28fbbd5a0: 1cce f4ff 

  0x000001d28fbbd5a4: ; implicit exception: dispatches to 0x000001d28fbbdc15
  0x000001d28fbbd5a4: 0fb6 680f | 85ed 7433 | ba45 ffff | ff48 8944 | 2428 6690 

  0x000001d28fbbd5b8: ;   {runtime_call UncommonTrapBlob}
  0x000001d28fbbd5b8: c5f8 77e8 

  0x000001d28fbbd5bc: ; ImmutableOopMap {[32]=Oop [40]=Oop }
                      ;*ifeq {reexecute=1 rethrow=0 return_oop=0}
                      ; - (reexecute) java.security.AccessControlContext::optimize@56 (line 596)
                      ; - java.security.AccessController::getContext@19 (line 1012)
  0x000001d28fbbd5bc: c0c6 9cff | 448b 5814 | 4585 db0f | 8478 0300 | 0043 0fb6 | 6cdc 0e85 | ed0f 85a5 | 0400 004b 
  0x000001d28fbbd5dc: 8d04 dc44 | 8b50 1045 | 85d2 7411 | 498b ca48 | c1e1 0345 | 33db 4489 | 5c24 34eb | 0d33 c941 
  0x000001d28fbbd5fc: bb01 0000 | 0044 895c | 2434 4c8b | 5424 2045 | 8b52 1049 | 8bd2 48c1 | e203 4885 | c00f 8419 
  0x000001d28fbbd61c: 0300 0044 | 0fb6 400e | 4885 d241 | 0f95 c145 | 0fb6 c941 | 83f1 0145 | 85c0 0f85 | 0b04 0000 
  0x000001d28fbbd63c: 8b68 1890 | 85ed 0f85 | 0e03 0000 | 4889 4424 | 2845 85d2 | 0f84 a600 | 0000 4885 | c90f 8559 
  0x000001d28fbbd65c: 0000 0033 | ed4c 8bc5 

  0x000001d28fbbd664: ;   {static_call}
  0x000001d28fbbd664: c5f8 77e8 

  0x000001d28fbbd668: ; ImmutableOopMap {rbp=Oop [32]=Oop [40]=Oop }
                      ;*invokestatic combine {reexecute=0 rethrow=0 return_oop=1}
                      ; - java.security.AccessControlContext::optimize@245 (line 645)
                      ; - java.security.AccessController::getContext@19 (line 1012)
  0x000001d28fbbd668: 9470 9cff | 448b 5c24 | 3445 85db | 0f84 1a01 | 0000 4c8b | 5c24 2041 | 8b6b 104c | 8bdd 49c1 
  0x000001d28fbbd688: e303 493b | c30f 8512 | 0500 0048 | 8b54 2420 | 4c8b 4424 | 2845 33c9 | 33ff 488b | ea66 6690 
  0x000001d28fbbd6a8: ;   {optimized virtual_call}
  0x000001d28fbbd6a8: c5f8 77e8 

  0x000001d28fbbd6ac: ; ImmutableOopMap {rbp=Oop }
                      ;*invokevirtual calculateFields {reexecute=0 rethrow=0 return_oop=0}
                      ; - java.security.AccessControlContext::optimize@288 (line 649)
                      ; - java.security.AccessController::getContext@19 (line 1012)
  0x000001d28fbbd6ac: 506a 9cff | 488b c5e9 | 7100 0000 | 478b 5cd4 | 0c66 6690 | 4183 fb01 | 0f85 c200 | 0000 4585 
  0x000001d28fbbd6cc: db0f 86da | 0300 0044 | 8b41 0c47 | 8b54 d410 | 0f1f 4000 | 4585 c00f | 86ff 0300 | 008b 6910 
  0x000001d28fbbd6ec: 443b d50f | 852b 0400 | 0048 8b44 | 2428 eb2d | 448b 5424 | 3445 85d2 | 741e 4c8b | 5424 284d 
  0x000001d28fbbd70c: 85d2 740d | 458b 5224 | 4585 d20f | 850f 0100 | 0048 8b44 | 2420 eb05 | 488b 4424 | 28c5 f877 
  0x000001d28fbbd72c: 4883 c460 

  0x000001d28fbbd730: ;   {poll_return}
  0x000001d28fbbd730: 5d49 3ba7 | 7803 0000 | 0f87 1005 | 0000 c349 | 8b87 f800 | 0000 4c8b | d049 83c2 | 284d 3b97 
  0x000001d28fbbd750: 0801 0000 | 0f83 3a03 | 0000 4d89 | 97f8 0000 | 0041 0f0d | 8ac0 0000 | 0048 c700 | 0100 0000 
  0x000001d28fbbd770: ;   {metadata('java/security/AccessControlContext')}
  0x000001d28fbbd770: c740 0870 | a302 004c | 8960 104c | 8960 184c | 8960 20c7 | 400c 0101 | 0000 eb9d | 488b e9e9 
  0x000001d28fbbd790: cdfe ffff | 488b d848 | 3bc5 660f | 1f44 0000 | 0f84 a601 | 0000 4180 | 7f40 000f | 8502 0200 
  0x000001d28fbbd7b0: 004c 8b54 | 2420 4c8b | db49 c1eb | 034c 8b44 | 2420 4589 | 5810 4c8b | db4d 33da | 49c1 eb15 
  0x000001d28fbbd7d0: 4d85 db74 | 1f48 85db | 741a 49c1 | ea09 48b9 | 0040 4bf7 | d201 0000 | 4903 ca80 | 3902 0f85 
  0x000001d28fbbd7f0: ff01 0000 | 4180 7f40 | 000f 8575 | 0100 004c | 8b54 2420 | 4589 6218 | 4588 620c | 498b d24c 
  0x000001d28fbbd810: 8b44 2428 | 4533 c933 | ff49 8bea 

  0x000001d28fbbd81c: ;   {optimized virtual_call}
  0x000001d28fbbd81c: c5f8 77e8 

  0x000001d28fbbd820: ; ImmutableOopMap {rbp=Oop }
                      ;*invokevirtual calculateFields {reexecute=0 rethrow=0 return_oop=0}
                      ; - java.security.AccessControlContext::optimize@314 (line 659)
                      ; - java.security.AccessController::getContext@19 (line 1012)
  0x000001d28fbbd820: dc68 9cff | 488b c5e9 | fdfe ffff | 478b 44d4 | 0c4b 8d34 | d449 63d8 | 0f1f 8400 | 0000 0000 
  0x000001d28fbbd840: 4181 f800 | 0004 000f | 87ff 0200 | 0049 8b97 | f800 0000 | 488d 0c9d | 1700 0000 | 4c8b d949 
  0x000001d28fbbd860: 83e3 f84c | 8bca 4d03 | cb4d 3b8f | 0801 0000 | 0f83 d602 | 0000 4d89 | 8ff8 0000 | 0041 0f0d 
  0x000001d28fbbd880: 89c0 0000 | 0048 c702 | 0100 0000 | 410f 0d89 | 0001 0000 

  0x000001d28fbbd894: ;   {metadata('java/security/ProtectionDomain'[])}
  0x000001d28fbbd894: c742 08a8 | 5c00 0044 | 8942 0c41 | 0f0d 8940 | 0100 0048 | 8bfa 4883 | c710 410f | 0d89 8001 
  0x000001d28fbbd8b4: 0000 48c1 | e903 4883 | c1fe 4833 | c048 83f9 | 087f 1048 | ffc9 784f | 4889 04cf | 48ff c97d 
  0x000001d28fbbd8d4: f7eb 44c5 | fdef c0e9 | 0d00 0000 | c5fe 7f07 | c5fe 7f47 | 2048 83c7 | 4048 83e9 | 087d ed48 
  0x000001d28fbbd8f4: 83c1 047c | 0cc5 fe7f | 0748 83c7 | 2048 83e9 | 0448 83c1 | 047e 1048 | ffc9 c5f9 | d607 4883 
  0x000001d28fbbd914: c708 48ff | c97d f348 | 8bea 6690 | 4585 c00f | 878f 0200 | 00ba 45ff | ffff 6690 

  0x000001d28fbbd930: ;   {runtime_call UncommonTrapBlob}
  0x000001d28fbbd930: c5f8 77e8 

  0x000001d28fbbd934: ; ImmutableOopMap {rbp=Oop [32]=Oop }
                      ;*ifnull {reexecute=1 rethrow=0 return_oop=0}
                      ; - (reexecute) java.security.AccessControlContext::calculateFields@45 (line 745)
                      ; - java.security.AccessControlContext::optimize@193 (line 629)
                      ; - java.security.AccessController::getContext@19 (line 1012)
  0x000001d28fbbd934: 48c3 9cff | 4533 db4c | 895c 2428 | e908 fdff | ff33 c0e9 | adfc ffff | 488b 4424 | 28e9 d3fd 
  0x000001d28fbbd954: ffff baec | ffff ff48 | 8944 2428 | 4489 4c24 | 3048 894c | 2438 6690 

  0x000001d28fbbd96c: ;   {runtime_call UncommonTrapBlob}
  0x000001d28fbbd96c: c5f8 77e8 

  0x000001d28fbbd970: ; ImmutableOopMap {rbp=NarrowOop [32]=Oop [40]=Oop [56]=Oop }
                      ;*ifnull {reexecute=1 rethrow=0 return_oop=0}
                      ; - (reexecute) java.security.AccessControlContext::optimize@138 (line 616)
                      ; - java.security.AccessController::getContext@19 (line 1012)
  0x000001d28fbbd970: 0cc3 9cff | 4c8b 5424 | 2045 8b52 | 1866 6690 | 4585 d20f | 8476 feff | ff4d 8b5f | 2849 8bca 
  0x000001d28fbbd990: 48c1 e103 | 4d85 db0f | 843f 0200 | 004d 8b57 | 384b 894c | 1af8 4983 | c3f8 4d89 | 5f28 e94c 
  0x000001d28fbbd9b0: feff ff4c | 8b54 2420 | 458b 5a10 | 0f1f 4000 | 4585 db0f | 84e8 fdff | ff4d 8b57 | 2849 8bcb 
  0x000001d28fbbd9d0: 48c1 e103 | 4d85 d20f | 8418 0200 | 004d 8b5f | 384b 894c | 13f8 4983 | c2f8 4d89 | 5728 e9be 
  0x000001d28fbbd9f0: fdff ff4d | 8b57 484d | 8b5f 58f0 | 8344 24c0 | 0080 3900 | 0f84 eafd | ffff 4488 | 214d 85d2 
  0x000001d28fbbda10: 7523 498b | d766 6666 | 0f1f 8400 | 0000 0000 | c5f8 7749 | bae0 3c9f | 6df8 7f00 | 0041 ffd2 
  0x000001d28fbbda30: e9bf fdff | ff4b 894c | 13f8 4983 | c2f8 4d89 | 5748 e9ad | fdff ffba | 45ff ffff | 488b 6c24 
  0x000001d28fbbda50: 2048 8944 | 2420 4489 | 4c24 2848 | 8944 24f8 | 8b44 2434 | 8944 242c | 488b 4424 | f848 894c 
  0x000001d28fbbda70: 2430 4489 | 4424 3890 

  0x000001d28fbbda78: ;   {runtime_call UncommonTrapBlob}
  0x000001d28fbbda78: c5f8 77e8 

  0x000001d28fbbda7c: ; ImmutableOopMap {rbp=Oop [32]=Oop [48]=Oop }
                      ;*ifne {reexecute=1 rethrow=0 return_oop=0}
                      ; - (reexecute) java.security.AccessControlContext::optimize@116 (line 614)
                      ; - java.security.AccessController::getContext@19 (line 1012)
  0x000001d28fbbda7c: 00c2 9cff | ba45 ffff | ff44 895c | 2428 6690 

  0x000001d28fbbda8c: ;   {runtime_call UncommonTrapBlob}
  0x000001d28fbbda8c: c5f8 77e8 

  0x000001d28fbbda90: ; ImmutableOopMap {[32]=Oop [40]=NarrowOop }
                      ;*ifeq {reexecute=1 rethrow=0 return_oop=0}
                      ; - (reexecute) java.security.AccessControlContext::optimize@27 (line 583)
                      ; - java.security.AccessController::getContext@19 (line 1012)
  0x000001d28fbbda90: ecc1 9cff 

  0x000001d28fbbda94: ;   {metadata('java/security/AccessControlContext')}
  0x000001d28fbbda94: 48ba 70a3 | 0200 0800 | 0000 6690 

  0x000001d28fbbdaa0: ;   {runtime_call _new_instance_Java}
  0x000001d28fbbdaa0: c5f8 77e8 

  0x000001d28fbbdaa4: ; ImmutableOopMap {}
                      ;*new {reexecute=0 rethrow=0 return_oop=1}
                      ; - java.security.AccessController::getContext@8 (line 1010)
  0x000001d28fbbdaa4: d8f6 a8ff | e9d6 fcff | ffba e4ff | ffff 488b | 6c24 2048 | ff74 2428 | 488f 4424 | 2048 8944 
  0x000001d28fbbdac4: 24f8 8b44 | 2434 8944 | 2428 488b | 4424 f848 | 894c 2430 | 4489 5424 | 2c66 6690 

  0x000001d28fbbdae0: ;   {runtime_call UncommonTrapBlob}
  0x000001d28fbbdae0: c5f8 77e8 

  0x000001d28fbbdae4: ; ImmutableOopMap {rbp=Oop [32]=Oop [44]=NarrowOop [48]=Oop }
                      ;*aaload {reexecute=0 rethrow=0 return_oop=0}
                      ; - java.security.AccessControlContext::optimize@229 (line 639)
                      ; - java.security.AccessController::getContext@19 (line 1012)
  0x000001d28fbbdae4: 98c1 9cff | bae4 ffff | ff48 8b6c | 2420 48ff | 7424 2848 | 8f44 2420 | 4889 4424 | f88b 4424 
  0x000001d28fbbdb04: 3489 4424 | 2848 8b44 | 24f8 4489 | 5424 2c48 | 894c 2438 

  0x000001d28fbbdb18: ;   {runtime_call UncommonTrapBlob}
  0x000001d28fbbdb18: c5f8 77e8 

  0x000001d28fbbdb1c: ; ImmutableOopMap {rbp=Oop [32]=Oop [44]=NarrowOop [56]=Oop }
                      ;*aaload {reexecute=0 rethrow=0 return_oop=0}
                      ; - java.security.AccessControlContext::optimize@233 (line 639)
                      ; - java.security.AccessController::getContext@19 (line 1012)
  0x000001d28fbbdb1c: 60c1 9cff | ba45 ffff | ff48 8944 | 24f8 8b44 | 2434 8944 | 2430 488b | 4424 f848 | 894c 2438 
  0x000001d28fbbdb3c: 4489 5424 | 3466 6690 

  0x000001d28fbbdb44: ;   {runtime_call UncommonTrapBlob}
  0x000001d28fbbdb44: c5f8 77e8 

  0x000001d28fbbdb48: ; ImmutableOopMap {rbp=NarrowOop [32]=Oop [40]=Oop [52]=NarrowOop [56]=Oop }
                      ;*if_acmpne {reexecute=1 rethrow=0 return_oop=0}
                      ; - (reexecute) java.security.AccessControlContext::optimize@234 (line 639)
                      ; - java.security.AccessController::getContext@19 (line 1012)
  0x000001d28fbbdb48: 34c1 9cff | 4889 5c24 | 3848 8974 | 2430 4489 | 4424 2c4d | 8bda 49c1 | e303 4489 | 5424 284d 
  0x000001d28fbbdb68: 85db 400f | 95c5 400f | b6ed 83f5 

  0x000001d28fbbdb74: ;   {metadata('java/security/ProtectionDomain'[])}
  0x000001d28fbbdb74: 0148 baa8 | 5c00 0008 | 0000 0090 

  0x000001d28fbbdb80: ;   {runtime_call _new_array_Java}
  0x000001d28fbbdb80: c5f8 77e8 

  0x000001d28fbbdb84: ; ImmutableOopMap {[32]=Oop [40]=NarrowOop [48]=Oop }
                      ;*anewarray {reexecute=0 rethrow=0 return_oop=1}
                      ; - java.security.AccessControlContext::combine@61 (line 690)
                      ; - java.security.AccessControlContext::calculateFields@38 (line 744)
                      ; - java.security.AccessControlContext::optimize@193 (line 629)
                      ; - java.security.AccessController::getContext@19 (line 1012)
  0x000001d28fbbdb84: f8f8 a8ff | 448b 5424 | 2844 8b44 | 242c 488b | 7424 3048 | 8b5c 2438 | 488b d090 | e976 fdff 
  0x000001d28fbbdba4: ffba 45ff | ffff 4889 | 4424 3890 

  0x000001d28fbbdbb0: ;   {runtime_call UncommonTrapBlob}
  0x000001d28fbbdbb0: c5f8 77e8 

  0x000001d28fbbdbb4: ; ImmutableOopMap {rbp=NarrowOop [32]=Oop [40]=Oop [56]=Oop }
                      ;*if_acmpne {reexecute=1 rethrow=0 return_oop=0}
                      ; - (reexecute) java.security.AccessControlContext::optimize@280 (line 648)
                      ; - java.security.AccessController::getContext@19 (line 1012)
  0x000001d28fbbdbb4: c8c0 9cff | 488b d548 | 83c2 104b | 8d4c d410 | 4c8b c3c5 | f877 49ba | e013 568f | d201 0000 
  0x000001d28fbbdbd4: 41ff d2e9 | 4dfd ffff | 498b d790 | c5f8 7749 | ba00 3d9f | 6df8 7f00 | 0041 ffd2 | e90a fcff 
  0x000001d28fbbdbf4: ff49 8bd7 | 0f1f 8400 | 0000 0000 | c5f8 7749 | ba00 3d9f | 6df8 7f00 | 0041 ffd2 | e99c fbff 
  0x000001d28fbbdc14: ffba 45ff | ffff 488b | 6c24 2048 | 8944 2428 

  0x000001d28fbbdc24: ;   {runtime_call UncommonTrapBlob}
  0x000001d28fbbdc24: c5f8 77e8 

  0x000001d28fbbdc28: ; ImmutableOopMap {rbp=Oop [40]=Oop }
                      ;*ifnull {reexecute=1 rethrow=0 return_oop=0}
                      ; - (reexecute) java.security.AccessControlContext::optimize@49 (line 590)
                      ; - java.security.AccessController::getContext@19 (line 1012)
  0x000001d28fbbdc28: 54c0 9cff | eb10 488b | d0eb 0eeb | 09eb 07eb | 0548 8bd0 | eb03 488b | d0c5 f877 | 4883 c460 
  0x000001d28fbbdc48: ;   {runtime_call _rethrow_Java}
  0x000001d28fbbdc48: 5de9 323e 

  0x000001d28fbbdc4c: ;   {internal_word}
  0x000001d28fbbdc4c: a9ff 49ba | 31d7 bb8f | d201 0000 | 4d89 9790 

  0x000001d28fbbdc5c: ;   {runtime_call SafepointBlob}
  0x000001d28fbbdc5c: 0300 00e9 | 1cd1 9cff 

  0x000001d28fbbdc64: ;   {runtime_call StubRoutines (2)}
  0x000001d28fbbdc64: e8b7 c09a | ffe9 0cf9 | ffff f4f4 
[Exception Handler]
  0x000001d28fbbdc70: ;   {no_reloc}
  0x000001d28fbbdc70: e90b 1ea8 | ffe8 0000 | 0000 4883 

  0x000001d28fbbdc7c: ;   {runtime_call DeoptimizationBlob}
  0x000001d28fbbdc7c: 2c24 05e9 | 9cc3 9cff 

  0x000001d28fbbdc84: ;   {static_stub}
  0x000001d28fbbdc84: 48bb 0000 | 0000 0000 

  0x000001d28fbbdc8c: ;   {runtime_call}
  0x000001d28fbbdc8c: 0000 e9fb 

  0x000001d28fbbdc90: ;   {static_stub}
  0x000001d28fbbdc90: ffff ff48 | bb00 0000 | 0000 0000 

  0x000001d28fbbdc9c: ;   {runtime_call}
  0x000001d28fbbdc9c: 00e9 fbff 

  0x000001d28fbbdca0: ;   {static_stub}
  0x000001d28fbbdca0: ffff 48bb | 0000 0000 | 0000 0000 

  0x000001d28fbbdcac: ;   {runtime_call}
  0x000001d28fbbdcac: e9fb ffff 

  0x000001d28fbbdcb0: ;   {static_stub}
  0x000001d28fbbdcb0: ff48 bb00 | 0000 0000 

  0x000001d28fbbdcb8: ;   {runtime_call}
  0x000001d28fbbdcb8: 0000 00e9 | fbff ffff 
[/MachCode]


Compiled method (c1)  177578 1109       3       java.awt.AWTEvent::<init> (81 bytes)
 total in heap  [0x000001d288189390,0x000001d288189b30] = 1952
 relocation     [0x000001d2881894d8,0x000001d288189548] = 112
 main code      [0x000001d288189560,0x000001d2881899c0] = 1120
 stub code      [0x000001d2881899c0,0x000001d288189a10] = 80
 metadata       [0x000001d288189a10,0x000001d288189a30] = 32
 scopes data    [0x000001d288189a30,0x000001d288189a98] = 104
 scopes pcs     [0x000001d288189a98,0x000001d288189b28] = 144
 dependencies   [0x000001d288189b28,0x000001d288189b30] = 8

[Constant Pool (empty)]

[MachCode]
[Entry Point]
  # {method} {0x000001d2990a7680} '<init>' '(Ljava/lang/Object;I)V' in 'java/awt/AWTEvent'
  # this:     rdx:rdx   = 'java/awt/AWTEvent'
  # parm0:    r8:r8     = 'java/lang/Object'
  # parm1:    r9        = int
  #           [sp+0x70]  (sp of caller)
  0x000001d288189560: 448b 5208 | 49bb 0000 | 0000 0800 | 0000 4d03 | d34c 3bd0 

  0x000001d288189574: ;   {runtime_call ic_miss_stub}
  0x000001d288189574: 0f85 86a8 | 3f07 660f | 1f44 0000 
[Verified Entry Point]
  0x000001d288189580: 8984 2400 | 80ff ff55 | 4883 ec60 | 4181 7f20 | 0100 0000 

  0x000001d288189594: ;   {runtime_call StubRoutines (2)}
  0x000001d288189594: 7405 e885 | 073e 0748 | 8954 2440 | 4489 4c24 

  0x000001d2881895a4: ;   {metadata(method data for {method} {0x000001d2990a7680} '<init>' '(Ljava/lang/Object;I)V' in 'java/awt/AWTEvent')}
  0x000001d2881895a4: 4848 be70 | 7f73 99d2 | 0100 008b | becc 0000 | 0083 c702 | 89be cc00 | 0000 81e7 | fe07 0000 
  0x000001d2881895c4: 83ff 000f | 84b9 0200 | 0048 8bf2 

  0x000001d2881895d0: ;   {metadata(method data for {method} {0x000001d2990a7680} '<init>' '(Ljava/lang/Object;I)V' in 'java/awt/AWTEvent')}
  0x000001d2881895d0: 48bf 707f | 7399 d201 | 0000 4883 | 8710 0100 

  0x000001d2881895e0: ;   {metadata(method data for {method} {0x000001d2990a8788} '<init>' '(Ljava/lang/Object;)V' in 'java/util/EventObject')}
  0x000001d2881895e0: 0001 48be | e85b 4b99 | d201 0000 | 8bbe cc00 | 0000 83c7 | 0289 becc | 0000 0081 | e7fe ff1f 
  0x000001d288189600: 0083 ff00 | 0f84 9d02 | 0000 488b 

  0x000001d28818960c: ;   {metadata(method data for {method} {0x000001d2990a8788} '<init>' '(Ljava/lang/Object;)V' in 'java/util/EventObject')}
  0x000001d28818960c: f248 bfe8 | 5b4b 99d2 | 0100 0048 | 8387 1001 

  0x000001d28818961c: ;   {metadata(method data for {method} {0x0000000800474bd0} '<init>' '()V' in 'java/lang/Object')}
  0x000001d28818961c: 0000 0148 | be60 6700 | 99d2 0100 | 008b becc | 0000 0083 | c702 89be | cc00 0000 | 81e7 feff 
  0x000001d28818963c: 1f00 83ff | 000f 8481 | 0200 0049 

  0x000001d288189648: ;   {metadata(method data for {method} {0x000001d2990a8788} '<init>' '(Ljava/lang/Object;)V' in 'java/util/EventObject')}
  0x000001d288189648: 83f8 0048 | bee8 5b4b | 99d2 0100 | 0048 bf30 | 0100 0000 | 0000 000f | 840a 0000 | 0048 bf20 
  0x000001d288189668: 0100 0000 | 0000 0048 | 8b1c 3e48 | 8d5b 0148 | 891c 3e0f | 8474 0100 | 0041 0fbe | 7740 83fe 
  0x000001d288189688: 000f 855a | 0200 004d | 8bd0 49c1 | ea03 4489 | 520c 488b | f249 33f0 | 48c1 ee15 | 4883 fe00 
  0x000001d2881896a8: 0f85 5a02 | 0000 c642 

  0x000001d2881896b0: ;   {metadata(method data for {method} {0x000001d2990a7680} '<init>' '(Ljava/lang/Object;I)V' in 'java/awt/AWTEvent')}
  0x000001d2881896b0: 1400 48be | 707f 7399 | d201 0000 | 4883 8620 | 0100 0001 

  0x000001d2881896c4: ;   {static_call}
  0x000001d2881896c4: 6666 90e8 

  0x000001d2881896c8: ; ImmutableOopMap {[64]=Oop }
                      ;*invokestatic getContext {reexecute=0 rethrow=0 return_oop=0}
                      ; - java.awt.AWTEvent::<init>@11 (line 120)
  0x000001d2881896c8: 943e a307 | 410f be57 | 4083 fa00 | 488b 5424 | 400f 8541 | 0200 004c | 8bd0 49c1 | ea03 4489 
  0x000001d2881896e8: 521c f083 | 4424 c000 | 488b f248 | 33f0 48c1 | ee15 4883 | fe00 0f85 | 3b02 0000 | c642 1500 
  0x000001d288189708: 448b 4c24 | 4844 894a 

  0x000001d288189710: ;   {metadata(method data for {method} {0x000001d2990a7680} '<init>' '(Ljava/lang/Object;I)V' in 'java/awt/AWTEvent')}
  0x000001d288189710: 1048 be70 | 7f73 99d2 | 0100 0048 | bf38 0100 | 0000 0000 | 0041 81f9 | 5902 0000 | 488b c748 
  0x000001d288189730: bf48 0100 | 0000 0000 | 0048 0f45 | f841 81f9 | bd02 0000 | 488b c748 | bf58 0100 | 0000 0000 
  0x000001d288189750: 0048 0f45 | f841 81f9 | 8403 0000 | 488b c748 | bf68 0100 | 0000 0000 | 0048 0f45 | f841 81f9 
  0x000001d288189770: e903 0000 | 488b c748 | bf78 0100 | 0000 0000 | 0048 0f45 | f848 8b04 | 3e49 ba01 | 0000 0000 
  0x000001d288189790: 0000 0049 | 03c2 4889 | 043e 4181 | f959 0200 | 000f 8427 | 0000 0041 | 81f9 bd02 | 0000 0f84 
  0x000001d2881897b0: 1a00 0000 | 4181 f984 | 0300 000f | 840d 0000 | 0041 81f9 | e903 0000 | 0f85 1400 | 0000 c642 
  0x000001d2881897d0: ;   {metadata(method data for {method} {0x000001d2990a7680} '<init>' '(Ljava/lang/Object;I)V' in 'java/awt/AWTEvent')}
  0x000001d2881897d0: 1401 48ba | 707f 7399 | d201 0000 | ff82 9001 | 0000 4883 

  0x000001d2881897e4: ;   {poll_return}
  0x000001d2881897e4: c460 5d49 | 3ba7 7803 | 0000 0f87 | 6301 0000 | c366 6690 

  0x000001d2881897f8: ;   {no_reloc}
  0x000001d2881897f8: e97f 0100 | 0000 0000 | 0000 498b | 87f8 0000 | 0048 8d78 | 2849 3bbf | 0801 0000 | 0f87 6c01 
  0x000001d288189818: 0000 4989 | bff8 0000 | 0048 c700 | 0100 0000 | 488b ca49 | ba00 0000 | 0008 0000 | 0049 2bca 
  0x000001d288189838: 8948 0848 | 33c9 8948 | 0c48 33c9 | 4889 4810 | 4889 4818 | 4889 4820 

  0x000001d288189850: ;   {metadata(method data for {method} {0x000001d2990a8788} '<init>' '(Ljava/lang/Object;)V' in 'java/util/EventObject')}
  0x000001d288189850: 4c8b c048 | bae8 5b4b | 99d2 0100 | 0048 8382 | 4001 0000 

  0x000001d288189864: ;   {oop("null source"{0x000000074dfeb150})}
  0x000001d288189864: 0149 b850 | b1fe 4d07 | 0000 0048 | 8bd0 4889 

  0x000001d288189874: ;   {optimized virtual_call}
  0x000001d288189874: 4424 50e8 

  0x000001d288189878: ; ImmutableOopMap {[64]=Oop [80]=Oop }
                      ;*invokespecial <init> {reexecute=0 rethrow=0 return_oop=0}
                      ; - java.util.EventObject::<init>@14 (line 57)
                      ; - java.awt.AWTEvent::<init>@2 (line 325)
  0x000001d288189878: 84a8 3f07 | 488b 4424 | 50e9 2a01 

  0x000001d288189884: ;   {metadata({method} {0x000001d2990a7680} '<init>' '(Ljava/lang/Object;I)V' in 'java/awt/AWTEvent')}
  0x000001d288189884: 0000 49ba | 7876 0a99 | d201 0000 | 4c89 5424 | 0848 c704 | 24ff ffff 

  0x000001d28818989c: ;   {runtime_call counter_overflow Runtime1 stub}
  0x000001d28818989c: ffe8 5ee3 

  0x000001d2881898a0: ; ImmutableOopMap {rdx=Oop r8=Oop [64]=Oop }
                      ;*synchronization entry
                      ; - java.awt.AWTEvent::<init>@-1 (line 325)
  0x000001d2881898a0: 4b07 e926 

  0x000001d2881898a4: ;   {metadata({method} {0x000001d2990a8788} '<init>' '(Ljava/lang/Object;)V' in 'java/util/EventObject')}
  0x000001d2881898a4: fdff ff49 | ba80 870a | 99d2 0100 | 004c 8954 | 2408 48c7 | 0424 ffff 

  0x000001d2881898bc: ;   {runtime_call counter_overflow Runtime1 stub}
  0x000001d2881898bc: ffff e83d 

  0x000001d2881898c0: ; ImmutableOopMap {rdx=Oop r8=Oop [64]=Oop }
                      ;*synchronization entry
                      ; - java.util.EventObject::<init>@-1 (line 55)
                      ; - java.awt.AWTEvent::<init>@2 (line 325)
  0x000001d2881898c0: e34b 07e9 | 42fd ffff 

  0x000001d2881898c8: ;   {metadata({method} {0x0000000800474bd0} '<init>' '()V' in 'java/lang/Object')}
  0x000001d2881898c8: 49ba c84b | 4700 0800 | 0000 4c89 | 5424 0848 | c704 24ff 

  0x000001d2881898dc: ;   {runtime_call counter_overflow Runtime1 stub}
  0x000001d2881898dc: ffff ffe8 

  0x000001d2881898e0: ; ImmutableOopMap {rdx=Oop r8=Oop [64]=Oop }
                      ;*synchronization entry
                      ; - java.lang.Object::<init>@-1 (line 45)
                      ; - java.util.EventObject::<init>@1 (line 55)
                      ; - java.awt.AWTEvent::<init>@2 (line 325)
  0x000001d2881898e0: 1ce3 4b07 | e95e fdff | ff8b 720c | 48c1 e603 | 4883 fe00 | 0f84 95fd | ffff 4889 

  0x000001d2881898fc: ;   {runtime_call g1_pre_barrier_slow}
  0x000001d2881898fc: 3424 e8fd | e84b 07e9 | 87fd ffff | 4983 f800 | 0f84 9cfd | ffff 4889 

  0x000001d288189914: ;   {runtime_call g1_post_barrier_slow}
  0x000001d288189914: 1424 e8e5 | eb4b 07e9 | 8efd ffff | 8b72 1c48 | c1e6 0348 | 83fe 000f | 84ae fdff | ff48 8934 
  0x000001d288189934: ;   {runtime_call g1_pre_barrier_slow}
  0x000001d288189934: 24e8 c6e8 | 4b07 e9a0 | fdff ff48 | 83f8 000f | 84bb fdff | ff48 8914 

  0x000001d28818994c: ;   {runtime_call g1_post_barrier_slow}
  0x000001d28818994c: 24e8 aeeb | 4b07 e9ad 

  0x000001d288189954: ;   {internal_word}
  0x000001d288189954: fdff ff49 | bae7 9718 | 88d2 0100 | 004d 8997 | 9003 0000 

  0x000001d288189968: ;   {runtime_call SafepointBlob}
  0x000001d288189968: e913 1440 

  0x000001d28818996c: ;   {metadata(NULL)}
  0x000001d28818996c: 0748 ba00 | 0000 0000 | 0000 00b8 | 000f 050a 

  0x000001d28818997c: ;   {runtime_call load_klass_patching Runtime1 stub}
  0x000001d28818997c: e8ff c34b 

  0x000001d288189980: ; ImmutableOopMap {[64]=Oop }
                      ;*new {reexecute=1 rethrow=0 return_oop=0}
                      ; - (reexecute) java.util.EventObject::<init>@8 (line 57)
                      ; - java.awt.AWTEvent::<init>@2 (line 325)
  0x000001d288189980: 07e9 72fe | ffff 488b 

  0x000001d288189988: ;   {runtime_call fast_new_instance Runtime1 stub}
  0x000001d288189988: d2e8 f275 

  0x000001d28818998c: ; ImmutableOopMap {[64]=Oop }
                      ;*new {reexecute=0 rethrow=0 return_oop=0}
                      ; - java.util.EventObject::<init>@8 (line 57)
                      ; - java.awt.AWTEvent::<init>@2 (line 325)
  0x000001d28818998c: 4b07 e9bd | feff ff49 | 8b87 2804 | 0000 49c7 | 8728 0400 | 0000 0000 | 0049 c787 | 3004 0000 
  0x000001d2881899ac: 0000 0000 | 4883 c460 

  0x000001d2881899b4: ;   {runtime_call unwind_exception Runtime1 stub}
  0x000001d2881899b4: 5de9 468d | 4207 f4f4 | f4f4 f4f4 
[Exception Handler]
  0x000001d2881899c0: ;   {no_reloc}
  0x000001d2881899c0: e83b 984b 

  0x000001d2881899c4: ;   {external_word}
  0x000001d2881899c4: 0748 b9b0 | 2302 6ef8 | 7f00 0048 

  0x000001d2881899d0: ;   {runtime_call}
  0x000001d2881899d0: 83e4 f048 | b820 16ce | 6df8 7f00 | 00ff d0f4 
[Deopt Handler Code]
  0x000001d2881899e0: ;   {section_word}
  0x000001d2881899e0: 49ba e099 | 1888 d201 | 0000 4152 

  0x000001d2881899ec: ;   {runtime_call DeoptimizationBlob}
  0x000001d2881899ec: e92f 0640 

  0x000001d2881899f0: ;   {static_stub}
  0x000001d2881899f0: 0748 bb00 | 0000 0000 

  0x000001d2881899f8: ;   {runtime_call}
  0x000001d2881899f8: 0000 00e9 | fbff ffff 

  0x000001d288189a00: ;   {static_stub}
  0x000001d288189a00: 48bb 0000 | 0000 0000 

  0x000001d288189a08: ;   {runtime_call}
  0x000001d288189a08: 0000 e9fb | ffff fff4 
[/MachCode]


---------------  P R O C E S S  ---------------

Threads class SMR info:
_java_thread_list=0x000001d29d4a8c20, length=16, elements={
0x000001d2ff3c7dc0, 0x000001d2ff3c8b60, 0x000001d2ff3ca9b0, 0x000001d2ff3cb490,
0x000001d2ff3cd380, 0x000001d2ff3cd8d0, 0x000001d2ff3dcb80, 0x000001d2ff3de510,
0x000001d2ff3cde20, 0x000001d2ff3ce370, 0x000001d2ff3ce8c0, 0x000001d2ff3cee10,
0x000001d2ff3cf360, 0x000001d2ff3cf8b0, 0x000001d2ff3cfe00, 0x000001d29dd67ef0
}

Java Threads: ( => current thread )
  0x000001d2ff3c7dc0 JavaThread "Reference Handler" daemon [_thread_blocked, id=13868, stack(0x000000c337a00000,0x000000c337b00000)]
  0x000001d2ff3c8b60 JavaThread "Finalizer" daemon [_thread_blocked, id=24580, stack(0x000000c337b00000,0x000000c337c00000)]
  0x000001d2ff3ca9b0 JavaThread "Signal Dispatcher" daemon [_thread_blocked, id=24584, stack(0x000000c337c00000,0x000000c337d00000)]
  0x000001d2ff3cb490 JavaThread "Attach Listener" daemon [_thread_blocked, id=24588, stack(0x000000c337d00000,0x000000c337e00000)]
  0x000001d2ff3cd380 JavaThread "Service Thread" daemon [_thread_blocked, id=24592, stack(0x000000c337e00000,0x000000c337f00000)]
  0x000001d2ff3cd8d0 JavaThread "Monitor Deflation Thread" daemon [_thread_blocked, id=24596, stack(0x000000c337f00000,0x000000c338000000)]
  0x000001d2ff3dcb80 JavaThread "C2 CompilerThread0" daemon [_thread_blocked, id=24600, stack(0x000000c338000000,0x000000c338100000)]
  0x000001d2ff3de510 JavaThread "C1 CompilerThread0" daemon [_thread_in_native, id=24604, stack(0x000000c338100000,0x000000c338200000)]
  0x000001d2ff3cde20 JavaThread "Notification Thread" daemon [_thread_blocked, id=24608, stack(0x000000c338200000,0x000000c338300000)]
  0x000001d2ff3ce370 JavaThread "Common-Cleaner" daemon [_thread_blocked, id=24616, stack(0x000000c338400000,0x000000c338500000)]
  0x000001d2ff3ce8c0 JavaThread "Java2D Disposer" daemon [_thread_blocked, id=24624, stack(0x000000c338500000,0x000000c338600000)]
  0x000001d2ff3cee10 JavaThread "AWT-Shutdown" [_thread_blocked, id=24628, stack(0x000000c338600000,0x000000c338700000)]
  0x000001d2ff3cf360 JavaThread "AWT-Windows" daemon [_thread_blocked, id=24632, stack(0x000000c338700000,0x000000c338800000)]
=>0x000001d2ff3cf8b0 JavaThread "AWT-EventQueue-0" [_thread_in_vm, id=24636, stack(0x000000c338800000,0x000000c338900000)]
  0x000001d2ff3cfe00 JavaThread "DestroyJavaVM" [_thread_blocked, id=21676, stack(0x000000c337300000,0x000000c337400000)]
  0x000001d29dd67ef0 JavaThread "TimerQueue" daemon [_thread_blocked, id=24748, stack(0x000000c339000000,0x000000c339100000)]

Other Threads:
  0x000001d2ff3a36e0 VMThread "VM Thread" [stack: 0x000000c337900000,0x000000c337a00000] [id=21596] _threads_hazard_ptr=0x000001d29d4a8c20
  0x000001d29d1ce830 WatcherThread "VM Periodic Task Thread" [stack: 0x000000c338300000,0x000000c338400000] [id=24612]
  0x000001d2fa53b130 WorkerThread "GC Thread#0" [stack: 0x000000c337400000,0x000000c337500000] [id=2068]
  0x000001d29db06aa0 WorkerThread "GC Thread#1" [stack: 0x000000c339100000,0x000000c339200000] [id=24752]
  0x000001d29db05420 WorkerThread "GC Thread#2" [stack: 0x000000c339200000,0x000000c339300000] [id=24756]
  0x000001d29db05f60 WorkerThread "GC Thread#3" [stack: 0x000000c339300000,0x000000c339400000] [id=24760]
  0x000001d29db07040 WorkerThread "GC Thread#4" [stack: 0x000000c339400000,0x000000c339500000] [id=24764]
  0x000001d29db06d70 WorkerThread "GC Thread#5" [stack: 0x000000c339500000,0x000000c339600000] [id=24768]
  0x000001d29db06230 WorkerThread "GC Thread#6" [stack: 0x000000c339600000,0x000000c339700000] [id=24772]
  0x000001d29e05eca0 WorkerThread "GC Thread#7" [stack: 0x000000c339700000,0x000000c339800000] [id=24776]
  0x000001d2fa548500 ConcurrentGCThread "G1 Main Marker" [stack: 0x000000c337500000,0x000000c337600000] [id=13512]
  0x000001d2fa549e40 WorkerThread "G1 Conc#0" [stack: 0x000000c337600000,0x000000c337700000] [id=12892]
  0x000001d2fa5adc00 ConcurrentGCThread "G1 Refine#0" [stack: 0x000000c337700000,0x000000c337800000] [id=4500]
  0x000001d2fa5ae5a0 ConcurrentGCThread "G1 Service" [stack: 0x000000c337800000,0x000000c337900000] [id=3532]

Threads with active compile tasks:
C1 CompilerThread0   177595 2788       3       jdk.internal.org.objectweb.asm.ClassWriter::toByteArray (1517 bytes)

VM state: synchronizing (normal execution)

VM Mutex/Monitor currently owned by a thread:  ([mutex/lock_event])
[0x000001d2fa4c9520] Threads_lock - owner thread: 0x000001d2ff3a36e0

Heap address: 0x0000000743800000, size: 3016 MB, Compressed Oops mode: Zero based, Oop shift amount: 3

CDS archive(s) mapped at: [0x0000000800000000-0x0000000800c60000-0x0000000800c60000), size 12976128, SharedBaseAddress: 0x0000000800000000, ArchiveRelocationMode: 0.
Compressed class space mapped at: 0x0000000801000000-0x0000000841000000, reserved size: 1073741824
Narrow klass base: 0x0000000800000000, Narrow klass shift: 0, Narrow klass range: 0x100000000

GC Precious Log:
 CardTable entry size: 512
 Card Set container configuration: InlinePtr #cards 4 size 8 Array Of Cards #cards 16 size 48 Howl #buckets 8 coarsen threshold 3686 Howl Bitmap #cards 512 size 80 coarsen threshold 460 Card regions per heap region 1 cards per card region 4096
 CPUs: 8 total, 8 available
 Memory: 12056M
 Large Page Support: Disabled
 NUMA Support: Disabled
 Compressed Oops: Enabled (Zero based)
 Heap Region Size: 2M
 Heap Min Capacity: 8M
 Heap Initial Capacity: 190M
 Heap Max Capacity: 3016M
 Pre-touch: Disabled
 Parallel Workers: 8
 Concurrent Workers: 2
 Concurrent Refinement Workers: 8
 Periodic GC: Disabled

Heap:
 garbage-first heap   total 194560K, used 17744K [0x0000000743800000, 0x0000000800000000)
  region size 2048K, 6 young (12288K), 2 survivors (4096K)
 Metaspace       used 19338K, committed 19520K, reserved 1114112K
  class space    used 2071K, committed 2176K, reserved 1048576K

Heap Regions: E=young(eden), S=young(survivor), O=old, HS=humongous(starts), HC=humongous(continues), CS=collection set, F=free, OA=open archive, CA=closed archive, TAMS=top-at-mark-start, PB=parsable bottom
|   0|0x0000000743800000, 0x0000000743a00000, 0x0000000743a00000|100%|HS|  |TAMS 0x0000000743800000| PB 0x0000000743800000| Complete 
|   1|0x0000000743a00000, 0x0000000743c00000, 0x0000000743c00000|100%|HC|  |TAMS 0x0000000743a00000| PB 0x0000000743a00000| Complete 
|   2|0x0000000743c00000, 0x0000000743e00000, 0x0000000743e00000|100%|HC|  |TAMS 0x0000000743c00000| PB 0x0000000743c00000| Complete 
|   3|0x0000000743e00000, 0x0000000743f54200, 0x0000000744000000| 66%| O|  |TAMS 0x0000000743e00000| PB 0x0000000743e00000| Untracked 
|   4|0x0000000744000000, 0x0000000744000000, 0x0000000744200000|  0%| F|  |TAMS 0x0000000744000000| PB 0x0000000744000000| Untracked 
|   5|0x0000000744200000, 0x0000000744200000, 0x0000000744400000|  0%| F|  |TAMS 0x0000000744200000| PB 0x0000000744200000| Untracked 
|   6|0x0000000744400000, 0x0000000744400000, 0x0000000744600000|  0%| F|  |TAMS 0x0000000744400000| PB 0x0000000744400000| Untracked 
|   7|0x0000000744600000, 0x0000000744600000, 0x0000000744800000|  0%| F|  |TAMS 0x0000000744600000| PB 0x0000000744600000| Untracked 
|   8|0x0000000744800000, 0x0000000744800000, 0x0000000744a00000|  0%| F|  |TAMS 0x0000000744800000| PB 0x0000000744800000| Untracked 
|   9|0x0000000744a00000, 0x0000000744a00000, 0x0000000744c00000|  0%| F|  |TAMS 0x0000000744a00000| PB 0x0000000744a00000| Untracked 
|  10|0x0000000744c00000, 0x0000000744c00000, 0x0000000744e00000|  0%| F|  |TAMS 0x0000000744c00000| PB 0x0000000744c00000| Untracked 
|  11|0x0000000744e00000, 0x0000000744e00000, 0x0000000745000000|  0%| F|  |TAMS 0x0000000744e00000| PB 0x0000000744e00000| Untracked 
|  12|0x0000000745000000, 0x0000000745000000, 0x0000000745200000|  0%| F|  |TAMS 0x0000000745000000| PB 0x0000000745000000| Untracked 
|  13|0x0000000745200000, 0x0000000745200000, 0x0000000745400000|  0%| F|  |TAMS 0x0000000745200000| PB 0x0000000745200000| Untracked 
|  14|0x0000000745400000, 0x0000000745400000, 0x0000000745600000|  0%| F|  |TAMS 0x0000000745400000| PB 0x0000000745400000| Untracked 
|  15|0x0000000745600000, 0x0000000745600000, 0x0000000745800000|  0%| F|  |TAMS 0x0000000745600000| PB 0x0000000745600000| Untracked 
|  16|0x0000000745800000, 0x0000000745800000, 0x0000000745a00000|  0%| F|  |TAMS 0x0000000745800000| PB 0x0000000745800000| Untracked 
|  17|0x0000000745a00000, 0x0000000745a00000, 0x0000000745c00000|  0%| F|  |TAMS 0x0000000745a00000| PB 0x0000000745a00000| Untracked 
|  18|0x0000000745c00000, 0x0000000745c00000, 0x0000000745e00000|  0%| F|  |TAMS 0x0000000745c00000| PB 0x0000000745c00000| Untracked 
|  19|0x0000000745e00000, 0x0000000745e00000, 0x0000000746000000|  0%| F|  |TAMS 0x0000000745e00000| PB 0x0000000745e00000| Untracked 
|  20|0x0000000746000000, 0x0000000746000000, 0x0000000746200000|  0%| F|  |TAMS 0x0000000746000000| PB 0x0000000746000000| Untracked 
|  21|0x0000000746200000, 0x0000000746200000, 0x0000000746400000|  0%| F|  |TAMS 0x0000000746200000| PB 0x0000000746200000| Untracked 
|  22|0x0000000746400000, 0x0000000746400000, 0x0000000746600000|  0%| F|  |TAMS 0x0000000746400000| PB 0x0000000746400000| Untracked 
|  23|0x0000000746600000, 0x0000000746600000, 0x0000000746800000|  0%| F|  |TAMS 0x0000000746600000| PB 0x0000000746600000| Untracked 
|  24|0x0000000746800000, 0x0000000746800000, 0x0000000746a00000|  0%| F|  |TAMS 0x0000000746800000| PB 0x0000000746800000| Untracked 
|  25|0x0000000746a00000, 0x0000000746a00000, 0x0000000746c00000|  0%| F|  |TAMS 0x0000000746a00000| PB 0x0000000746a00000| Untracked 
|  26|0x0000000746c00000, 0x0000000746c00000, 0x0000000746e00000|  0%| F|  |TAMS 0x0000000746c00000| PB 0x0000000746c00000| Untracked 
|  27|0x0000000746e00000, 0x0000000746e00000, 0x0000000747000000|  0%| F|  |TAMS 0x0000000746e00000| PB 0x0000000746e00000| Untracked 
|  28|0x0000000747000000, 0x0000000747000000, 0x0000000747200000|  0%| F|  |TAMS 0x0000000747000000| PB 0x0000000747000000| Untracked 
|  29|0x0000000747200000, 0x0000000747200000, 0x0000000747400000|  0%| F|  |TAMS 0x0000000747200000| PB 0x0000000747200000| Untracked 
|  30|0x0000000747400000, 0x0000000747400000, 0x0000000747600000|  0%| F|  |TAMS 0x0000000747400000| PB 0x0000000747400000| Untracked 
|  31|0x0000000747600000, 0x0000000747600000, 0x0000000747800000|  0%| F|  |TAMS 0x0000000747600000| PB 0x0000000747600000| Untracked 
|  32|0x0000000747800000, 0x0000000747800000, 0x0000000747a00000|  0%| F|  |TAMS 0x0000000747800000| PB 0x0000000747800000| Untracked 
|  33|0x0000000747a00000, 0x0000000747a00000, 0x0000000747c00000|  0%| F|  |TAMS 0x0000000747a00000| PB 0x0000000747a00000| Untracked 
|  34|0x0000000747c00000, 0x0000000747c00000, 0x0000000747e00000|  0%| F|  |TAMS 0x0000000747c00000| PB 0x0000000747c00000| Untracked 
|  35|0x0000000747e00000, 0x0000000747e00000, 0x0000000748000000|  0%| F|  |TAMS 0x0000000747e00000| PB 0x0000000747e00000| Untracked 
|  36|0x0000000748000000, 0x0000000748000000, 0x0000000748200000|  0%| F|  |TAMS 0x0000000748000000| PB 0x0000000748000000| Untracked 
|  37|0x0000000748200000, 0x0000000748200000, 0x0000000748400000|  0%| F|  |TAMS 0x0000000748200000| PB 0x0000000748200000| Untracked 
|  38|0x0000000748400000, 0x0000000748400000, 0x0000000748600000|  0%| F|  |TAMS 0x0000000748400000| PB 0x0000000748400000| Untracked 
|  39|0x0000000748600000, 0x0000000748600000, 0x0000000748800000|  0%| F|  |TAMS 0x0000000748600000| PB 0x0000000748600000| Untracked 
|  40|0x0000000748800000, 0x0000000748800000, 0x0000000748a00000|  0%| F|  |TAMS 0x0000000748800000| PB 0x0000000748800000| Untracked 
|  41|0x0000000748a00000, 0x0000000748a00000, 0x0000000748c00000|  0%| F|  |TAMS 0x0000000748a00000| PB 0x0000000748a00000| Untracked 
|  42|0x0000000748c00000, 0x0000000748c00000, 0x0000000748e00000|  0%| F|  |TAMS 0x0000000748c00000| PB 0x0000000748c00000| Untracked 
|  43|0x0000000748e00000, 0x0000000748e00000, 0x0000000749000000|  0%| F|  |TAMS 0x0000000748e00000| PB 0x0000000748e00000| Untracked 
|  44|0x0000000749000000, 0x0000000749000000, 0x0000000749200000|  0%| F|  |TAMS 0x0000000749000000| PB 0x0000000749000000| Untracked 
|  45|0x0000000749200000, 0x0000000749200000, 0x0000000749400000|  0%| F|  |TAMS 0x0000000749200000| PB 0x0000000749200000| Untracked 
|  46|0x0000000749400000, 0x0000000749400000, 0x0000000749600000|  0%| F|  |TAMS 0x0000000749400000| PB 0x0000000749400000| Untracked 
|  47|0x0000000749600000, 0x0000000749600000, 0x0000000749800000|  0%| F|  |TAMS 0x0000000749600000| PB 0x0000000749600000| Untracked 
|  48|0x0000000749800000, 0x0000000749800000, 0x0000000749a00000|  0%| F|  |TAMS 0x0000000749800000| PB 0x0000000749800000| Untracked 
|  49|0x0000000749a00000, 0x0000000749a00000, 0x0000000749c00000|  0%| F|  |TAMS 0x0000000749a00000| PB 0x0000000749a00000| Untracked 
|  50|0x0000000749c00000, 0x0000000749c00000, 0x0000000749e00000|  0%| F|  |TAMS 0x0000000749c00000| PB 0x0000000749c00000| Untracked 
|  51|0x0000000749e00000, 0x0000000749e00000, 0x000000074a000000|  0%| F|  |TAMS 0x0000000749e00000| PB 0x0000000749e00000| Untracked 
|  52|0x000000074a000000, 0x000000074a000000, 0x000000074a200000|  0%| F|  |TAMS 0x000000074a000000| PB 0x000000074a000000| Untracked 
|  53|0x000000074a200000, 0x000000074a200000, 0x000000074a400000|  0%| F|  |TAMS 0x000000074a200000| PB 0x000000074a200000| Untracked 
|  54|0x000000074a400000, 0x000000074a400000, 0x000000074a600000|  0%| F|  |TAMS 0x000000074a400000| PB 0x000000074a400000| Untracked 
|  55|0x000000074a600000, 0x000000074a600000, 0x000000074a800000|  0%| F|  |TAMS 0x000000074a600000| PB 0x000000074a600000| Untracked 
|  56|0x000000074a800000, 0x000000074a800000, 0x000000074aa00000|  0%| F|  |TAMS 0x000000074a800000| PB 0x000000074a800000| Untracked 
|  57|0x000000074aa00000, 0x000000074aa00000, 0x000000074ac00000|  0%| F|  |TAMS 0x000000074aa00000| PB 0x000000074aa00000| Untracked 
|  58|0x000000074ac00000, 0x000000074ac00000, 0x000000074ae00000|  0%| F|  |TAMS 0x000000074ac00000| PB 0x000000074ac00000| Untracked 
|  59|0x000000074ae00000, 0x000000074ae00000, 0x000000074b000000|  0%| F|  |TAMS 0x000000074ae00000| PB 0x000000074ae00000| Untracked 
|  60|0x000000074b000000, 0x000000074b000000, 0x000000074b200000|  0%| F|  |TAMS 0x000000074b000000| PB 0x000000074b000000| Untracked 
|  61|0x000000074b200000, 0x000000074b200000, 0x000000074b400000|  0%| F|  |TAMS 0x000000074b200000| PB 0x000000074b200000| Untracked 
|  62|0x000000074b400000, 0x000000074b400000, 0x000000074b600000|  0%| F|  |TAMS 0x000000074b400000| PB 0x000000074b400000| Untracked 
|  63|0x000000074b600000, 0x000000074b600000, 0x000000074b800000|  0%| F|  |TAMS 0x000000074b600000| PB 0x000000074b600000| Untracked 
|  64|0x000000074b800000, 0x000000074b800000, 0x000000074ba00000|  0%| F|  |TAMS 0x000000074b800000| PB 0x000000074b800000| Untracked 
|  65|0x000000074ba00000, 0x000000074ba00000, 0x000000074bc00000|  0%| F|  |TAMS 0x000000074ba00000| PB 0x000000074ba00000| Untracked 
|  66|0x000000074bc00000, 0x000000074bc00000, 0x000000074be00000|  0%| F|  |TAMS 0x000000074bc00000| PB 0x000000074bc00000| Untracked 
|  67|0x000000074be00000, 0x000000074be00000, 0x000000074c000000|  0%| F|  |TAMS 0x000000074be00000| PB 0x000000074be00000| Untracked 
|  68|0x000000074c000000, 0x000000074c000000, 0x000000074c200000|  0%| F|  |TAMS 0x000000074c000000| PB 0x000000074c000000| Untracked 
|  69|0x000000074c200000, 0x000000074c200000, 0x000000074c400000|  0%| F|  |TAMS 0x000000074c200000| PB 0x000000074c200000| Untracked 
|  70|0x000000074c400000, 0x000000074c400000, 0x000000074c600000|  0%| F|  |TAMS 0x000000074c400000| PB 0x000000074c400000| Untracked 
|  71|0x000000074c600000, 0x000000074c600000, 0x000000074c800000|  0%| F|  |TAMS 0x000000074c600000| PB 0x000000074c600000| Untracked 
|  72|0x000000074c800000, 0x000000074c800000, 0x000000074ca00000|  0%| F|  |TAMS 0x000000074c800000| PB 0x000000074c800000| Untracked 
|  73|0x000000074ca00000, 0x000000074ca00000, 0x000000074cc00000|  0%| F|  |TAMS 0x000000074ca00000| PB 0x000000074ca00000| Untracked 
|  74|0x000000074cc00000, 0x000000074cc00000, 0x000000074ce00000|  0%| F|  |TAMS 0x000000074cc00000| PB 0x000000074cc00000| Untracked 
|  75|0x000000074ce00000, 0x000000074ce00000, 0x000000074d000000|  0%| F|  |TAMS 0x000000074ce00000| PB 0x000000074ce00000| Untracked 
|  76|0x000000074d000000, 0x000000074d000000, 0x000000074d200000|  0%| F|  |TAMS 0x000000074d000000| PB 0x000000074d000000| Untracked 
|  77|0x000000074d200000, 0x000000074d200000, 0x000000074d400000|  0%| F|  |TAMS 0x000000074d200000| PB 0x000000074d200000| Untracked 
|  78|0x000000074d400000, 0x000000074d400000, 0x000000074d600000|  0%| F|  |TAMS 0x000000074d400000| PB 0x000000074d400000| Untracked 
|  79|0x000000074d600000, 0x000000074d600000, 0x000000074d800000|  0%| F|  |TAMS 0x000000074d600000| PB 0x000000074d600000| Untracked 
|  80|0x000000074d800000, 0x000000074d800000, 0x000000074da00000|  0%| F|  |TAMS 0x000000074d800000| PB 0x000000074d800000| Untracked 
|  81|0x000000074da00000, 0x000000074da00000, 0x000000074dc00000|  0%| F|  |TAMS 0x000000074da00000| PB 0x000000074da00000| Untracked 
|  82|0x000000074dc00000, 0x000000074de00000, 0x000000074de00000|100%| S|CS|TAMS 0x000000074dc00000| PB 0x000000074dc00000| Complete 
|  83|0x000000074de00000, 0x000000074e000000, 0x000000074e000000|100%| S|CS|TAMS 0x000000074de00000| PB 0x000000074de00000| Complete 
|  84|0x000000074e000000, 0x000000074e000000, 0x000000074e200000|  0%| F|  |TAMS 0x000000074e000000| PB 0x000000074e000000| Untracked 
|  85|0x000000074e200000, 0x000000074e200000, 0x000000074e400000|  0%| F|  |TAMS 0x000000074e200000| PB 0x000000074e200000| Untracked 
|  86|0x000000074e400000, 0x000000074e400000, 0x000000074e600000|  0%| F|  |TAMS 0x000000074e400000| PB 0x000000074e400000| Untracked 
|  87|0x000000074e600000, 0x000000074e600000, 0x000000074e800000|  0%| F|  |TAMS 0x000000074e600000| PB 0x000000074e600000| Untracked 
|  88|0x000000074e800000, 0x000000074e800000, 0x000000074ea00000|  0%| F|  |TAMS 0x000000074e800000| PB 0x000000074e800000| Untracked 
|  89|0x000000074ea00000, 0x000000074ea00000, 0x000000074ec00000|  0%| F|  |TAMS 0x000000074ea00000| PB 0x000000074ea00000| Untracked 
|  90|0x000000074ec00000, 0x000000074ec00000, 0x000000074ee00000|  0%| F|  |TAMS 0x000000074ec00000| PB 0x000000074ec00000| Untracked 
|  91|0x000000074ee00000, 0x000000074ef0df80, 0x000000074f000000| 52%| E|  |TAMS 0x000000074ee00000| PB 0x000000074ee00000| Complete 
|  92|0x000000074f000000, 0x000000074f200000, 0x000000074f200000|100%| E|CS|TAMS 0x000000074f000000| PB 0x000000074f000000| Complete 
|  93|0x000000074f200000, 0x000000074f400000, 0x000000074f400000|100%| E|CS|TAMS 0x000000074f200000| PB 0x000000074f200000| Complete 
|  94|0x000000074f400000, 0x000000074f600000, 0x000000074f600000|100%| E|CS|TAMS 0x000000074f400000| PB 0x000000074f400000| Complete 

Card table byte_map: [0x000001d2faed0000,0x000001d2fb4c0000] _byte_map_base: 0x000001d2f74b4000

Marking Bits: (CMBitMap*) 0x000001d2fa53b660
 Bits: [0x000001d2fbab0000, 0x000001d2fe9d0000)

Polling page: 0x000001d2f8420000

Metaspace:

Usage:
  Non-class:     16.86 MB used.
      Class:      2.02 MB used.
       Both:     18.89 MB used.

Virtual space:
  Non-class space:       64.00 MB reserved,      16.94 MB ( 26%) committed,  1 nodes.
      Class space:        1.00 GB reserved,       2.12 MB ( <1%) committed,  1 nodes.
             Both:        1.06 GB reserved,      19.06 MB (  2%) committed. 

Chunk freelists:
   Non-Class:  3.00 MB
       Class:  1.73 MB
        Both:  4.73 MB

MaxMetaspaceSize: unlimited
CompressedClassSpaceSize: 1.00 GB
Initial GC threshold: 21.00 MB
Current GC threshold: 21.00 MB
CDS: on
MetaspaceReclaimPolicy: balanced
 - commit_granule_bytes: 65536.
 - commit_granule_words: 8192.
 - virtual_space_node_default_size: 8388608.
 - enlarge_chunks_in_place: 1.
 - new_chunks_are_fully_committed: 0.
 - uncommit_free_chunks: 1.
 - use_allocation_guard: 0.


Internal statistics:

num_allocs_failed_limit: 0.
num_arena_births: 186.
num_arena_deaths: 0.
num_vsnodes_births: 2.
num_vsnodes_deaths: 0.
num_space_committed: 305.
num_space_uncommitted: 0.
num_chunks_returned_to_freelist: 0.
num_chunks_taken_from_freelist: 357.
num_chunk_merges: 0.
num_chunk_splits: 207.
num_chunks_enlarged: 108.
num_inconsistent_stats: 0.

CodeHeap 'non-profiled nmethods': size=120000Kb used=1021Kb max_used=1021Kb free=118978Kb
 bounds [0x000001d28fac0000, 0x000001d28fd30000, 0x000001d296ff0000]
CodeHeap 'profiled nmethods': size=120000Kb used=5319Kb max_used=5319Kb free=114680Kb
 bounds [0x000001d287ff0000, 0x000001d288530000, 0x000001d28f520000]
CodeHeap 'non-nmethods': size=5760Kb used=1808Kb max_used=1838Kb free=3951Kb
 bounds [0x000001d28f520000, 0x000001d28f790000, 0x000001d28fac0000]
 total_blobs=3560 nmethods=2786 adapters=683
 compilation: enabled
              stopped_count=0, restarted_count=0
 full_count=0

Compilation events (20 events):
Event: 20.094 Thread 0x000001d2ff3de510 nmethod 2777 0x000001d28fbbf310 code [0x000001d28fbbf480, 0x000001d28fbbf548]
Event: 20.094 Thread 0x000001d2ff3de510 2778       3       java.awt.Graphics::create (33 bytes)
Event: 20.095 Thread 0x000001d2ff3de510 nmethod 2778 0x000001d288514f90 code [0x000001d288515160, 0x000001d288515500]
Event: 20.095 Thread 0x000001d2ff3de510 2779       3       java.awt.geom.AffineTransform::getMatrix (49 bytes)
Event: 20.095 Thread 0x000001d2ff3de510 nmethod 2779 0x000001d288515690 code [0x000001d288515820, 0x000001d288515a68]
Event: 20.233 Thread 0x000001d2ff3de510 2780       3       java.awt.Component::dispatchEventImpl (785 bytes)
Event: 20.237 Thread 0x000001d2ff3de510 nmethod 2780 0x000001d288515b90 code [0x000001d288516440, 0x000001d28851ce10]
Event: 23.177 Thread 0x000001d2ff3de510 2781       3       java.util.AbstractSequentialList::iterator (5 bytes)
Event: 23.178 Thread 0x000001d2ff3de510 nmethod 2781 0x000001d28851e310 code [0x000001d28851e500, 0x000001d28851ea90]
Event: 23.178 Thread 0x000001d2ff3de510 2782   !   3       java.awt.KeyboardFocusManager::getFocusOwner (42 bytes)
Event: 23.178 Thread 0x000001d2ff3de510 nmethod 2782 0x000001d28851ec90 code [0x000001d28851ee40, 0x000001d28851f1c0]
Event: 23.178 Thread 0x000001d2ff3de510 2783   !   3       java.awt.Container::isParentOf (49 bytes)
Event: 23.179 Thread 0x000001d2ff3de510 nmethod 2783 0x000001d28851f310 code [0x000001d28851f4e0, 0x000001d28851fac8]
Event: 23.179 Thread 0x000001d2ff3de510 2784       3       java.awt.Component::hasFocus (16 bytes)
Event: 23.179 Thread 0x000001d2ff3de510 nmethod 2784 0x000001d28851fc90 code [0x000001d28851fe40, 0x000001d288520120]
Event: 23.183 Thread 0x000001d2ff3de510 2785       3       java.awt.AWTEvent::dispatched (21 bytes)
Event: 23.184 Thread 0x000001d2ff3de510 nmethod 2785 0x000001d288520290 code [0x000001d2885204c0, 0x000001d288520ca0]
Event: 177.442 Thread 0x000001d2ff3de510 2786       3       jdk.internal.org.objectweb.asm.ClassWriter::visit (160 bytes)
Event: 177.443 Thread 0x000001d2ff3de510 nmethod 2786 0x000001d288521010 code [0x000001d288521220, 0x000001d288521a58]
Event: 177.443 Thread 0x000001d2ff3de510 2788       3       jdk.internal.org.objectweb.asm.ClassWriter::toByteArray (1517 bytes)

GC Heap History (2 events):
Event: 4.835 GC heap before
{Heap before GC invocations=0 (full 0):
 garbage-first heap   total 194560K, used 28672K [0x0000000743800000, 0x0000000800000000)
  region size 2048K, 11 young (22528K), 0 survivors (0K)
 Metaspace       used 17893K, committed 18176K, reserved 1114112K
  class space    used 1982K, committed 2112K, reserved 1048576K
}
Event: 4.848 GC heap after
{Heap after GC invocations=1 (full 0):
 garbage-first heap   total 194560K, used 11600K [0x0000000743800000, 0x0000000800000000)
  region size 2048K, 2 young (4096K), 2 survivors (4096K)
 Metaspace       used 17893K, committed 18176K, reserved 1114112K
  class space    used 1982K, committed 2112K, reserved 1048576K
}

Dll operation events (11 events):
Event: 0.007 Loaded shared library E:\java-jdk\bin\java.dll
Event: 0.021 Loaded shared library E:\java-jdk\bin\jsvml.dll
Event: 0.088 Loaded shared library E:\java-jdk\bin\jimage.dll
Event: 0.094 Loaded shared library E:\java-jdk\bin\net.dll
Event: 0.097 Loaded shared library E:\java-jdk\bin\nio.dll
Event: 0.103 Loaded shared library E:\java-jdk\bin\zip.dll
Event: 0.119 Loaded shared library E:\java-jdk\bin\awt.dll
Event: 0.538 Loaded shared library E:\java-jdk\bin\freetype.dll
Event: 0.539 Loaded shared library E:\java-jdk\bin\fontmanager.dll
Event: 4.253 Loaded shared library E:\java-jdk\bin\extnet.dll
Event: 4.332 Loaded shared library E:\java-jdk\bin\sunmscapi.dll

Deoptimization events (20 events):
Event: 14.641 Thread 0x000001d2ff3cf8b0 Uncommon trap: trap_request=0xffffffde fr.pc=0x000001d28fbafd30 relative=0x0000000000000130
Event: 14.641 Thread 0x000001d2ff3cf8b0 Uncommon trap: reason=class_check action=maybe_recompile pc=0x000001d28fbafd30 method=jdk.internal.misc.Unsafe.allocateUninitializedArray(Ljava/lang/Class;I)Ljava/lang/Object; @ 51 c2
Event: 14.641 Thread 0x000001d2ff3cf8b0 DEOPT PACKING pc=0x000001d28fbafd30 sp=0x000000c3388fde70
Event: 14.641 Thread 0x000001d2ff3cf8b0 DEOPT UNPACKING pc=0x000001d28f589d22 sp=0x000000c3388fdde8 mode 2
Event: 15.663 Thread 0x000001d2ff3cf8b0 Uncommon trap: trap_request=0xffffffde fr.pc=0x000001d28fae8b30 relative=0x00000000000001b0
Event: 15.663 Thread 0x000001d2ff3cf8b0 Uncommon trap: reason=class_check action=maybe_recompile pc=0x000001d28fae8b30 method=java.lang.String.equals(Ljava/lang/Object;)Z @ 8 c2
Event: 15.663 Thread 0x000001d2ff3cf8b0 DEOPT PACKING pc=0x000001d28fae8b30 sp=0x000000c3388fe2c0
Event: 15.663 Thread 0x000001d2ff3cf8b0 DEOPT UNPACKING pc=0x000001d28f589d22 sp=0x000000c3388fe248 mode 2
Event: 15.666 Thread 0x000001d2ff3cf8b0 Uncommon trap: trap_request=0xffffffde fr.pc=0x000001d28fae8b30 relative=0x00000000000001b0
Event: 15.666 Thread 0x000001d2ff3cf8b0 Uncommon trap: reason=class_check action=maybe_recompile pc=0x000001d28fae8b30 method=java.lang.String.equals(Ljava/lang/Object;)Z @ 8 c2
Event: 15.666 Thread 0x000001d2ff3cf8b0 DEOPT PACKING pc=0x000001d28fae8b30 sp=0x000000c3388fe1d0
Event: 15.666 Thread 0x000001d2ff3cf8b0 DEOPT UNPACKING pc=0x000001d28f589d22 sp=0x000000c3388fe158 mode 2
Event: 15.666 Thread 0x000001d2ff3cf8b0 Uncommon trap: trap_request=0xffffffde fr.pc=0x000001d28fae8b30 relative=0x00000000000001b0
Event: 15.666 Thread 0x000001d2ff3cf8b0 Uncommon trap: reason=class_check action=maybe_recompile pc=0x000001d28fae8b30 method=java.lang.String.equals(Ljava/lang/Object;)Z @ 8 c2
Event: 15.666 Thread 0x000001d2ff3cf8b0 DEOPT PACKING pc=0x000001d28fae8b30 sp=0x000000c3388fe1d0
Event: 15.666 Thread 0x000001d2ff3cf8b0 DEOPT UNPACKING pc=0x000001d28f589d22 sp=0x000000c3388fe158 mode 2
Event: 23.177 Thread 0x000001d2ff3cf8b0 Uncommon trap: trap_request=0xffffff45 fr.pc=0x000001d28fbba6d0 relative=0x0000000000001150
Event: 23.177 Thread 0x000001d2ff3cf8b0 Uncommon trap: reason=unstable_if action=reinterpret pc=0x000001d28fbba6d0 method=java.beans.ChangeListenerMap.get(Ljava/lang/String;)[Ljava/util/EventListener; @ 4 c2
Event: 23.177 Thread 0x000001d2ff3cf8b0 DEOPT PACKING pc=0x000001d28fbba6d0 sp=0x000000c3388fe430
Event: 23.177 Thread 0x000001d2ff3cf8b0 DEOPT UNPACKING pc=0x000001d28f589d22 sp=0x000000c3388fe288 mode 2

Classes loaded (20 events):
Event: 15.672 Loading class sun/awt/geom/ChainEnd
Event: 15.672 Loading class sun/awt/geom/ChainEnd done
Event: 15.672 Loading class sun/awt/geom/Edge
Event: 15.672 Loading class sun/awt/geom/Edge done
Event: 15.673 Loading class sun/awt/geom/AreaOp$IntOp
Event: 15.673 Loading class sun/awt/geom/AreaOp$CAGOp
Event: 15.673 Loading class sun/awt/geom/AreaOp$CAGOp done
Event: 15.673 Loading class sun/awt/geom/AreaOp$IntOp done
Event: 15.674 Loading class sun/awt/UngrabEvent
Event: 15.674 Loading class sun/awt/UngrabEvent done
Event: 20.092 Loading class javax/swing/Autoscroller
Event: 20.093 Loading class javax/swing/Autoscroller done
Event: 20.093 Loading class javax/swing/plaf/basic/BasicPopupMenuUI$MouseGrabber$2
Event: 20.093 Loading class javax/swing/plaf/basic/BasicPopupMenuUI$MouseGrabber$2 done
Event: 23.163 Loading class java/awt/Window$1DisposeAction
Event: 23.163 Loading class java/awt/Window$1DisposeAction done
Event: 177.445 Loading class java/util/WeakHashMap$KeyIterator
Event: 177.445 Loading class java/util/WeakHashMap$HashIterator
Event: 177.445 Loading class java/util/WeakHashMap$HashIterator done
Event: 177.445 Loading class java/util/WeakHashMap$KeyIterator done

Classes unloaded (0 events):
No events

Classes redefined (0 events):
No events

Internal exceptions (19 events):
Event: 0.108 Thread 0x000001d2fa4d8fe0 Exception <a 'java/lang/ClassNotFoundException'{0x000000074f2a7240}: sun/awt/resources/spi/awtProvider> (0x000000074f2a7240) 
thrown [s\open\src\hotspot\share\classfile\systemDictionary.cpp, line 305]
Event: 0.131 Thread 0x000001d2fa4d8fe0 Exception <a 'java/io/FileNotFoundException'{0x000000074f302590}> (0x000000074f302590) 
thrown [s\open\src\hotspot\share\prims\jni.cpp, line 519]
Event: 0.137 Thread 0x000001d2fa4d8fe0 Exception <a 'java/io/FileNotFoundException'{0x000000074f32c558}> (0x000000074f32c558) 
thrown [s\open\src\hotspot\share\prims\jni.cpp, line 519]
Event: 0.230 Thread 0x000001d2ff3cf8b0 Exception <a 'java/lang/NoSuchMethodError'{0x000000074f0c7658}: 'void java.lang.invoke.DirectMethodHandle$Holder.invokeSpecial(java.lang.Object, java.lang.Object, java.lang.Object)'> (0x000000074f0c7658) 
thrown [s\open\src\hotspot\share\interpreter\linkResolver.cpp, line 773]
Event: 0.239 Thread 0x000001d2ff3cf8b0 Exception <a 'java/lang/NoSuchMethodError'{0x000000074f162a28}: 'java.lang.Object java.lang.invoke.DirectMethodHandle$Holder.newInvokeSpecial(java.lang.Object, java.lang.Object, java.lang.Object, java.lang.Object, java.lang.Object)'> (0x000000074f162a28) 
thrown [s\open\src\hotspot\share\interpreter\linkResolver.cpp, line 773]
Event: 0.246 Thread 0x000001d2ff3cf8b0 Exception <a 'java/lang/NoSuchMethodError'{0x000000074f1932d0}: 'java.lang.Object java.lang.invoke.DirectMethodHandle$Holder.invokeStatic(java.lang.Object, int, java.lang.Object)'> (0x000000074f1932d0) 
thrown [s\open\src\hotspot\share\interpreter\linkResolver.cpp, line 773]
Event: 0.277 Thread 0x000001d2ff3cf8b0 Exception <a 'java/lang/ClassNotFoundException'{0x000000074ee4e8e8}: com/sun/swing/internal/plaf/metal/resources/spi/metalProvider> (0x000000074ee4e8e8) 
thrown [s\open\src\hotspot\share\classfile\systemDictionary.cpp, line 305]
Event: 0.278 Thread 0x000001d2ff3cf8b0 Exception <a 'java/lang/ClassNotFoundException'{0x000000074ee528c8}: com/sun/swing/internal/plaf/basic/resources/spi/basicProvider> (0x000000074ee528c8) 
thrown [s\open\src\hotspot\share\classfile\systemDictionary.cpp, line 305]
Event: 0.289 Thread 0x000001d2ff3cf8b0 Exception <a 'java/lang/NoSuchMethodError'{0x000000074ee72248}: 'int java.lang.invoke.Invokers$Holder.invokeExact_MT(java.lang.Object, java.lang.Object)'> (0x000000074ee72248) 
thrown [s\open\src\hotspot\share\interpreter\linkResolver.cpp, line 773]
Event: 0.401 Thread 0x000001d2ff3d0350 Exception <a 'java/lang/NoSuchMethodError'{0x000000074ec83478}: 'java.lang.Object java.lang.invoke.DirectMethodHandle$Holder.newInvokeSpecial(java.lang.Object, java.lang.Object, java.lang.Object, int, int, int, int, int)'> (0x000000074ec83478) 
thrown [s\open\src\hotspot\share\interpreter\linkResolver.cpp, line 773]
Event: 0.613 Thread 0x000001d2ff3cf360 Exception <a 'java/lang/NoSuchMethodError'{0x000000074f00f848}: 'void java.lang.invoke.DirectMethodHandle$Holder.invokeVirtual(java.lang.Object, java.lang.Object)'> (0x000000074f00f848) 
thrown [s\open\src\hotspot\share\interpreter\linkResolver.cpp, line 773]
Event: 0.638 Thread 0x000001d2ff3cf8b0 Exception <a 'java/lang/NoSuchMethodError'{0x000000074ed2da38}: 'void java.lang.invoke.DirectMethodHandle$Holder.invokeStaticInit(java.lang.Object)'> (0x000000074ed2da38) 
thrown [s\open\src\hotspot\share\interpreter\linkResolver.cpp, line 773]
Event: 3.960 Thread 0x000001d2ff3cf8b0 Exception <a 'java/lang/NoSuchMethodError'{0x000000074ea841f0}: 'void java.lang.invoke.DirectMethodHandle$Holder.invokeStatic(java.lang.Object, java.lang.Object, java.lang.Object)'> (0x000000074ea841f0) 
thrown [s\open\src\hotspot\share\interpreter\linkResolver.cpp, line 773]
Event: 3.961 Thread 0x000001d2ff3cf8b0 Exception <a 'java/lang/NoSuchMethodError'{0x000000074ea8a638}: 'void java.lang.invoke.DirectMethodHandle$Holder.invokeStatic(java.lang.Object, java.lang.Object)'> (0x000000074ea8a638) 
thrown [s\open\src\hotspot\share\interpreter\linkResolver.cpp, line 773]
Event: 4.168 Thread 0x000001d2ff3cf8b0 Exception <a 'java/lang/NoSuchMethodError'{0x000000074e6a3a78}: 'java.lang.Object java.lang.invoke.DirectMethodHandle$Holder.invokeInterface(java.lang.Object, java.lang.Object)'> (0x000000074e6a3a78) 
thrown [s\open\src\hotspot\share\interpreter\linkResolver.cpp, line 773]
Event: 4.261 Thread 0x000001d2ff3cf8b0 Exception <a 'java/lang/NoSuchMethodError'{0x000000074e7e7798}: 'java.lang.Object java.lang.invoke.DirectMethodHandle$Holder.invokeStaticInit(java.lang.Object, int, int, int, int)'> (0x000000074e7e7798) 
thrown [s\open\src\hotspot\share\interpreter\linkResolver.cpp, line 773]
Event: 4.318 Thread 0x000001d2ff3cf8b0 Exception <a 'java/lang/NoSuchMethodError'{0x000000074e45de78}: 'java.lang.Object java.lang.invoke.DirectMethodHandle$Holder.invokeStaticInit(java.lang.Object, java.lang.Object, int, int, int, int)'> (0x000000074e45de78) 
thrown [s\open\src\hotspot\share\interpreter\linkResolver.cpp, line 773]
Event: 4.368 Thread 0x000001d2ff3cf8b0 Exception <a 'sun/nio/fs/WindowsException'{0x000000074e5051b0}> (0x000000074e5051b0) 
thrown [s\open\src\hotspot\share\prims\jni.cpp, line 519]
Event: 23.177 Thread 0x000001d2ff3cf8b0 Implicit null exception at 0x000001d28fbb99e0 to 0x000001d28fbba6b0

VM Operations (20 events):
Event: 12.100 Executing VM operation: Cleanup
Event: 12.100 Executing VM operation: Cleanup done
Event: 13.113 Executing VM operation: Cleanup
Event: 13.114 Executing VM operation: Cleanup done
Event: 14.126 Executing VM operation: Cleanup
Event: 14.127 Executing VM operation: Cleanup done
Event: 15.140 Executing VM operation: Cleanup
Event: 15.140 Executing VM operation: Cleanup done
Event: 15.666 Executing VM operation: HandshakeAllThreads
Event: 15.667 Executing VM operation: HandshakeAllThreads done
Event: 16.675 Executing VM operation: Cleanup
Event: 16.675 Executing VM operation: Cleanup done
Event: 19.706 Executing VM operation: Cleanup
Event: 19.706 Executing VM operation: Cleanup done
Event: 20.092 Executing VM operation: HandshakeAllThreads
Event: 20.092 Executing VM operation: HandshakeAllThreads done
Event: 21.103 Executing VM operation: Cleanup
Event: 21.103 Executing VM operation: Cleanup done
Event: 24.121 Executing VM operation: Cleanup
Event: 24.121 Executing VM operation: Cleanup done

Events (20 events):
Event: 0.173 Thread 0x000001d2ff3cee10 Thread added: 0x000001d2ff3cee10
Event: 0.174 Thread 0x000001d2ff3cf360 Thread added: 0x000001d2ff3cf360
Event: 0.187 Thread 0x000001d2ff3cf8b0 Thread added: 0x000001d2ff3cf8b0
Event: 0.187 Thread 0x000001d2fa4d8fe0 Thread exited: 0x000001d2fa4d8fe0
Event: 0.187 Thread 0x000001d2ff3cfe00 Thread added: 0x000001d2ff3cfe00
Event: 0.298 Thread 0x000001d2ff3d0350 Thread added: 0x000001d2ff3d0350
Event: 0.341 Thread 0x000001d29d4c5ad0 Thread added: 0x000001d29d4c5ad0
Event: 0.780 Thread 0x000001d29d4c5ad0 Thread exited: 0x000001d29d4c5ad0
Event: 4.062 Thread 0x000001d29d4c33e0 Thread added: 0x000001d29d4c33e0
Event: 4.142 Thread 0x000001d29d4c3970 Thread added: 0x000001d29d4c3970
Event: 4.820 Thread 0x000001d29dd67ef0 Thread added: 0x000001d29dd67ef0
Event: 5.025 Thread 0x000001d29d4c3970 Thread exited: 0x000001d29d4c3970
Event: 5.445 Thread 0x000001d2ff3d0350 Thread exited: 0x000001d2ff3d0350
Event: 6.588 Thread 0x000001d29d4c33e0 Thread exited: 0x000001d29d4c33e0
Event: 8.824 Thread 0x000001d29d4c6b80 Thread added: 0x000001d29d4c6b80
Event: 8.834 Thread 0x000001d29d4c6060 Thread added: 0x000001d29d4c6060
Event: 9.725 Thread 0x000001d29d4c6060 Thread exited: 0x000001d29d4c6060
Event: 9.725 Thread 0x000001d29d4c6b80 Thread exited: 0x000001d29d4c6b80
Event: 10.826 Thread 0x000001d29d4c6b80 Thread added: 0x000001d29d4c6b80
Event: 11.363 Thread 0x000001d29d4c6b80 Thread exited: 0x000001d29d4c6b80


Dynamic libraries:
0x00007ff6ef530000 - 0x00007ff6ef540000 	E:\java-jdk\bin\javaw.exe
0x00007ff8ecbd0000 - 0x00007ff8ecdc8000 	C:\WINDOWS\SYSTEM32\ntdll.dll
0x00007ff8ebde0000 - 0x00007ff8ebe9f000 	C:\WINDOWS\System32\KERNEL32.DLL
0x00007ff8ea2e0000 - 0x00007ff8ea5ba000 	C:\WINDOWS\System32\KERNELBASE.dll
0x00007ff8ea680000 - 0x00007ff8ea780000 	C:\WINDOWS\System32\ucrtbase.dll
0x00007ff8afb20000 - 0x00007ff8afb3b000 	E:\java-jdk\bin\VCRUNTIME140.dll
0x00007ff8afb00000 - 0x00007ff8afb19000 	E:\java-jdk\bin\jli.dll
0x00007ff8ec080000 - 0x00007ff8ec12e000 	C:\WINDOWS\System32\ADVAPI32.dll
0x00007ff8eb610000 - 0x00007ff8eb6ae000 	C:\WINDOWS\System32\msvcrt.dll
0x00007ff8ebd00000 - 0x00007ff8ebd9c000 	C:\WINDOWS\System32\sechost.dll
0x00007ff8ebea0000 - 0x00007ff8ebfc6000 	C:\WINDOWS\System32\RPCRT4.dll
0x00007ff8ec130000 - 0x00007ff8ec2cd000 	C:\WINDOWS\System32\USER32.dll
0x00007ff8ea5c0000 - 0x00007ff8ea5e2000 	C:\WINDOWS\System32\win32u.dll
0x00007ff8ebcd0000 - 0x00007ff8ebcfb000 	C:\WINDOWS\System32\GDI32.dll
0x00007ff8bec70000 - 0x00007ff8bef0a000 	C:\WINDOWS\WinSxS\amd64_microsoft.windows.common-controls_6595b64144ccf1df_6.0.19041.1110_none_60b5254171f9507e\COMCTL32.dll
0x00007ff8ea830000 - 0x00007ff8ea940000 	C:\WINDOWS\System32\gdi32full.dll
0x00007ff8ea940000 - 0x00007ff8ea9dd000 	C:\WINDOWS\System32\msvcp_win.dll
0x00007ff8dc920000 - 0x00007ff8dc92a000 	C:\WINDOWS\SYSTEM32\VERSION.dll
0x00007ff8ecb60000 - 0x00007ff8ecb90000 	C:\WINDOWS\System32\IMM32.DLL
0x00007ff8df0f0000 - 0x00007ff8df0fc000 	E:\java-jdk\bin\vcruntime140_1.dll
0x00007ff8ac000000 - 0x00007ff8ac08e000 	E:\java-jdk\bin\msvcp140.dll
0x00007ff86d6d0000 - 0x00007ff86e367000 	E:\java-jdk\bin\server\jvm.dll
0x00007ff8ddfe0000 - 0x00007ff8ddfe9000 	C:\WINDOWS\SYSTEM32\WSOCK32.dll
0x00007ff8e4440000 - 0x00007ff8e4467000 	C:\WINDOWS\SYSTEM32\WINMM.dll
0x00007ff8ebc60000 - 0x00007ff8ebccb000 	C:\WINDOWS\System32\WS2_32.dll
0x00007ff8e8e00000 - 0x00007ff8e8e12000 	C:\WINDOWS\SYSTEM32\kernel.appcore.dll
0x00007ff8b4770000 - 0x00007ff8b477a000 	E:\java-jdk\bin\jimage.dll
0x00007ff8e87c0000 - 0x00007ff8e89a4000 	C:\WINDOWS\SYSTEM32\DBGHELP.DLL
0x00007ff8d6d00000 - 0x00007ff8d6d34000 	C:\WINDOWS\SYSTEM32\dbgcore.DLL
0x00007ff8ea5f0000 - 0x00007ff8ea672000 	C:\WINDOWS\System32\bcryptPrimitives.dll
0x00007ff8af9b0000 - 0x00007ff8af9d6000 	E:\java-jdk\bin\java.dll
0x00007ff87d780000 - 0x00007ff87d857000 	E:\java-jdk\bin\jsvml.dll
0x00007ff8eaec0000 - 0x00007ff8eb604000 	C:\WINDOWS\System32\SHELL32.dll
0x00007ff8e7f00000 - 0x00007ff8e8693000 	C:\WINDOWS\SYSTEM32\windows.storage.dll
0x00007ff8eb900000 - 0x00007ff8ebc54000 	C:\WINDOWS\System32\combase.dll
0x00007ff8e9d40000 - 0x00007ff8e9d6e000 	C:\WINDOWS\SYSTEM32\Wldp.dll
0x00007ff8eb7f0000 - 0x00007ff8eb89d000 	C:\WINDOWS\System32\SHCORE.dll
0x00007ff8ecb00000 - 0x00007ff8ecb55000 	C:\WINDOWS\System32\shlwapi.dll
0x00007ff8ea220000 - 0x00007ff8ea23f000 	C:\WINDOWS\SYSTEM32\profapi.dll
0x00007ff8abca0000 - 0x00007ff8abcb3000 	E:\java-jdk\bin\net.dll
0x00007ff8e3d70000 - 0x00007ff8e3e7a000 	C:\WINDOWS\SYSTEM32\WINHTTP.dll
0x00007ff8e9aa0000 - 0x00007ff8e9b0a000 	C:\WINDOWS\system32\mswsock.dll
0x00007ff8abc80000 - 0x00007ff8abc96000 	E:\java-jdk\bin\nio.dll
0x00007ff8abc30000 - 0x00007ff8abc48000 	E:\java-jdk\bin\zip.dll
0x00007ff86d020000 - 0x00007ff86d1b1000 	E:\java-jdk\bin\awt.dll
0x00007ff8eadf0000 - 0x00007ff8eaebd000 	C:\WINDOWS\System32\OLEAUT32.dll
0x00007ff8e3ab0000 - 0x00007ff8e3b40000 	C:\WINDOWS\SYSTEM32\apphelp.dll
0x00007ff8e3ba0000 - 0x00007ff8e3c3e000 	C:\WINDOWS\system32\uxtheme.dll
0x00007ff8e0a20000 - 0x00007ff8e0a4b000 	C:\Program Files (x86)\UltraViewer\uvh64.dll
0x00007ff8ec570000 - 0x00007ff8ec684000 	C:\WINDOWS\System32\MSCTF.dll
0x00007ff8eb6b0000 - 0x00007ff8eb7da000 	C:\WINDOWS\System32\ole32.dll
0x00007ff8e7930000 - 0x00007ff8e795f000 	C:\WINDOWS\system32\DWMAPI.DLL
0x00007ff8b6000000 - 0x00007ff8b6125000 	C:\WINDOWS\system32\opengl32.dll
0x00007ff8b5f90000 - 0x00007ff8b5fbc000 	C:\WINDOWS\SYSTEM32\GLU32.dll
0x00007ff870500000 - 0x00007ff870586000 	E:\java-jdk\bin\freetype.dll
0x00007ff865f40000 - 0x00007ff866006000 	E:\java-jdk\bin\fontmanager.dll
0x00007ff8ebfd0000 - 0x00007ff8ec079000 	C:\WINDOWS\System32\clbcatq.dll
0x00007ff8e0340000 - 0x00007ff8e04f4000 	C:\WINDOWS\SYSTEM32\WindowsCodecs.dll
0x00007ff8eab40000 - 0x00007ff8eab67000 	C:\WINDOWS\System32\bcrypt.dll
0x00007ff8aedc0000 - 0x00007ff8aedfe000 	C:\WINDOWS\system32\dataexchange.dll
0x00007ff8e23b0000 - 0x00007ff8e2613000 	C:\WINDOWS\system32\d3d11.dll
0x00007ff8e2fb0000 - 0x00007ff8e3193000 	C:\WINDOWS\system32\dcomp.dll
0x00007ff8e8ca0000 - 0x00007ff8e8d93000 	C:\WINDOWS\system32\dxgi.dll
0x00007ff8e19c0000 - 0x00007ff8e1bc0000 	C:\WINDOWS\system32\twinapi.appcore.dll
0x00007ff8bd470000 - 0x00007ff8bd569000 	C:\WINDOWS\SYSTEM32\textinputframework.dll
0x00007ff8e3520000 - 0x00007ff8e387e000 	C:\WINDOWS\System32\CoreUIComponents.dll
0x00007ff8e3880000 - 0x00007ff8e3972000 	C:\WINDOWS\System32\CoreMessaging.dll
0x00007ff8e9490000 - 0x00007ff8e94c3000 	C:\WINDOWS\SYSTEM32\ntmarta.dll
0x00007ff8e2e50000 - 0x00007ff8e2fa4000 	C:\WINDOWS\SYSTEM32\wintypes.dll
0x0000000180000000 - 0x0000000180054000 	C:\Program Files\UniKey\UKHook40.dll
0x00007ff8e9790000 - 0x00007ff8e985b000 	C:\WINDOWS\SYSTEM32\DNSAPI.dll
0x00007ff8e9740000 - 0x00007ff8e977c000 	C:\WINDOWS\SYSTEM32\IPHLPAPI.DLL
0x00007ff8ebdc0000 - 0x00007ff8ebdc8000 	C:\WINDOWS\System32\NSI.dll
0x00007ff8ddeb0000 - 0x00007ff8ddeba000 	C:\Windows\System32\rasadhlp.dll
0x00007ff8d7840000 - 0x00007ff8d78c0000 	C:\WINDOWS\System32\fwpuclnt.dll
0x00007ff8afc60000 - 0x00007ff8afc67000 	E:\java-jdk\bin\extnet.dll
0x00007ff8e9c90000 - 0x00007ff8e9ca8000 	C:\WINDOWS\SYSTEM32\CRYPTSP.dll
0x00007ff8e9350000 - 0x00007ff8e9384000 	C:\WINDOWS\system32\rsaenh.dll
0x00007ff8ea1a0000 - 0x00007ff8ea1ce000 	C:\WINDOWS\SYSTEM32\USERENV.dll
0x00007ff8e9cb0000 - 0x00007ff8e9cbc000 	C:\WINDOWS\SYSTEM32\CRYPTBASE.dll
0x00007ff8dc930000 - 0x00007ff8dc947000 	C:\WINDOWS\SYSTEM32\dhcpcsvc6.DLL
0x00007ff8dc900000 - 0x00007ff8dc91d000 	C:\WINDOWS\SYSTEM32\dhcpcsvc.DLL
0x00007ff8dfa20000 - 0x00007ff8dfa2e000 	E:\java-jdk\bin\sunmscapi.dll
0x00007ff8ea9e0000 - 0x00007ff8eab36000 	C:\WINDOWS\System32\CRYPT32.dll
0x00007ff8e9db0000 - 0x00007ff8e9dd8000 	C:\WINDOWS\SYSTEM32\ncrypt.dll
0x00007ff8e9d70000 - 0x00007ff8e9dab000 	C:\WINDOWS\SYSTEM32\NTASN1.dll
0x00007ff8c34b0000 - 0x00007ff8c34c7000 	C:\WINDOWS\system32\napinsp.dll
0x00007ff8c3490000 - 0x00007ff8c34ab000 	C:\WINDOWS\system32\pnrpnsp.dll
0x00007ff8e10d0000 - 0x00007ff8e10e5000 	C:\WINDOWS\system32\wshbth.dll
0x00007ff8e1c30000 - 0x00007ff8e1c4d000 	C:\WINDOWS\system32\NLAapi.dll
0x00007ff8c3470000 - 0x00007ff8c3482000 	C:\WINDOWS\System32\winrnr.dll

dbghelp: loaded successfully - version: 4.0.5 - missing functions: none
symbol engine: initialized successfully - sym options: 0x614 - pdb path: .;E:\java-jdk\bin;C:\WINDOWS\SYSTEM32;C:\WINDOWS\WinSxS\amd64_microsoft.windows.common-controls_6595b64144ccf1df_6.0.19041.1110_none_60b5254171f9507e;E:\java-jdk\bin\server;C:\Program Files (x86)\UltraViewer;C:\Program Files\UniKey

VM Arguments:
jvm_args: -Dfile.encoding=UTF-8 -XX:+ShowCodeDetailsInExceptionMessages 
java_command: GUI_RoleNhanVien.GUI_QuanLiPhongRNV
java_class_path (initial): C:\Users\DELL VOTRO\eclipse-workspace\workspace\BTLQLKS\bin;C:\Users\DELL VOTRO\eclipse-workspace\workspace\BTLQLKS\lib\sqljdbc42.jar
Launcher Type: SUN_STANDARD

[Global flags]
     intx CICompilerCount                          = 4                                         {product} {ergonomic}
     uint ConcGCThreads                            = 2                                         {product} {ergonomic}
     uint G1ConcRefinementThreads                  = 8                                         {product} {ergonomic}
   size_t G1HeapRegionSize                         = 2097152                                   {product} {ergonomic}
    uintx GCDrainStackTargetSize                   = 64                                        {product} {ergonomic}
   size_t InitialHeapSize                          = 199229440                                 {product} {ergonomic}
   size_t MarkStackSize                            = 4194304                                   {product} {ergonomic}
   size_t MaxHeapSize                              = 3162505216                                {product} {ergonomic}
   size_t MaxNewSize                               = 1895825408                                {product} {ergonomic}
   size_t MinHeapDeltaBytes                        = 2097152                                   {product} {ergonomic}
   size_t MinHeapSize                              = 8388608                                   {product} {ergonomic}
    uintx NonNMethodCodeHeapSize                   = 5839372                                {pd product} {ergonomic}
    uintx NonProfiledCodeHeapSize                  = 122909434                              {pd product} {ergonomic}
    uintx ProfiledCodeHeapSize                     = 122909434                              {pd product} {ergonomic}
    uintx ReservedCodeCacheSize                    = 251658240                              {pd product} {ergonomic}
     bool SegmentedCodeCache                       = true                                      {product} {ergonomic}
     bool ShowCodeDetailsInExceptionMessages       = true                                   {manageable} {command line}
   size_t SoftMaxHeapSize                          = 3162505216                             {manageable} {ergonomic}
     bool UseCompressedClassPointers               = true                           {product lp64_product} {ergonomic}
     bool UseCompressedOops                        = true                           {product lp64_product} {ergonomic}
     bool UseG1GC                                  = true                                      {product} {ergonomic}
     bool UseLargePagesIndividualAllocation        = false                                  {pd product} {ergonomic}

Logging:
Log output configuration:
 #0: stdout all=warning uptime,level,tags foldmultilines=false
 #1: stderr all=off uptime,level,tags foldmultilines=false

Environment Variables:
PATH=C:\Program Files\Common Files\Oracle\Java\javapath;C:\Program Files (x86)\VMware\VMware Workstation\bin\;C:\WINDOWS\system32;C:\WINDOWS;C:\WINDOWS\System32\Wbem;C:\WINDOWS\System32\WindowsPowerShell\v1.0\;C:\WINDOWS\System32\OpenSSH\;C:\Program Files\Microsoft SQL Server\Client SDK\ODBC\170\Tools\Binn\;C:\Program Files (x86)\Microsoft SQL Server\150\Tools\Binn\;C:\Program Files\Microsoft SQL Server\150\Tools\Binn\;C:\Program Files\Microsoft SQL Server\150\DTS\Binn\;C:\Program Files (x86)\Microsoft SQL Server\150\DTS\Binn\;C:\Program Files\Azure Data Studio\bin;C:\Program Files\NVIDIA Corporation\NVIDIA NvDLISR;C:\Program Files (x86)\NVIDIA Corporation\PhysX\Common;D:\gitttt\Git\cmd;C:\Program Files\Git\cmd;D:\nodejs\;C:\Program Files\MongoDB\Server\6.0\bin;E:\java-jdk\bin;C:\Users\DELL VOTRO\AppData\Local\Microsoft\WindowsApps;E:\Microsoft VS Code\bin;C:\Program Files\Azure Data Studio\bin;C:\Users\DELL VOTRO\AppData\Roaming\npm;D:\Workspace\nodejs;E:\Lin Minh Huy?n Tho?i\Riot Games;C:\Program Files\MongoDB\Server\6.0\bin;C:\Users\DELL VOTRO\AppData\Local\Programs\mongosh\
USERNAME=DELL VOTRO
OS=Windows_NT
PROCESSOR_IDENTIFIER=Intel64 Family 6 Model 142 Stepping 11, GenuineIntel
TMP=C:\Users\DELLVO~1\AppData\Local\Temp
TEMP=C:\Users\DELLVO~1\AppData\Local\Temp




---------------  S Y S T E M  ---------------

OS:
 Windows 10 , 64 bit Build 19041 (10.0.19041.2788)
OS uptime: 0 days 7:08 hours

CPU: total 8 (initial active 8) (4 cores per cpu, 2 threads per core) family 6 model 142 stepping 11 microcode 0xec, cx8, cmov, fxsr, ht, mmx, 3dnowpref, sse, sse2, sse3, ssse3, sse4.1, sse4.2, popcnt, lzcnt, tsc, tscinvbit, avx, avx2, aes, erms, clmul, bmi1, bmi2, adx, fma, vzeroupper, clflush, clflushopt, rdtscp, f16c

Memory: 4k page, system-wide physical 12056M (1521M free)
TotalPageFile size 34609M (AvailPageFile size 0M)
current process WorkingSet (physical memory assigned to process): 135M, peak: 143M
current process commit charge ("private bytes"): 329M, peak: 340M

vm_info: Java HotSpot(TM) 64-Bit Server VM (20+36-2344) for windows-amd64 JRE (20+36-2344), built on 2023-02-10T19:30:15Z by "mach5one" with MS VC++ 17.1 (VS2022)

END.
