#
# There is insufficient memory for the Java Runtime Environment to continue.
# Native memory allocation (malloc) failed to allocate 32744 bytes for Chunk::new
# Possible reasons:
#   The system is out of physical RAM or swap space
#   The process is running with CompressedOops enabled, and the Java Heap may be blocking the growth of the native heap
# Possible solutions:
#   Reduce memory load on the system
#   Increase physical memory or swap space
#   Check if swap backing store is full
#   Decrease Java heap size (-Xmx/-Xms)
#   Decrease number of Java threads
#   Decrease Java thread stack sizes (-Xss)
#   Set larger code cache with -XX:ReservedCodeCacheSize=
#   JVM is running with Zero Based Compressed Oops mode in which the Java heap is
#     placed in the first 32GB address space. The Java Heap base address is the
#     maximum limit for the native heap growth. Please use -XX:HeapBaseMinAddress
#     to set the Java Heap base and to place the Java Heap above 32GB virtual address.
# This output file may be truncated or incomplete.
#
#  Out of Memory Error (arena.cpp:184), pid=5956, tid=21840
#
# JRE version: Java(TM) SE Runtime Environment (20.0+36) (build 20+36-2344)
# Java VM: Java HotSpot(TM) 64-Bit Server VM (20+36-2344, mixed mode, sharing, tiered, compressed oops, compressed class ptrs, g1 gc, windows-amd64)
# No core dump will be written. Minidumps are not enabled by default on client versions of Windows
#

---------------  S U M M A R Y ------------

Command Line: -Dfile.encoding=UTF-8 -XX:+ShowCodeDetailsInExceptionMessages GUI_RoleNhanVien.GUI_QuanLiPhongRNV

Host: Intel(R) Core(TM) i5-8265U CPU @ 1.60GHz, 8 cores, 11G,  Windows 10 , 64 bit Build 19041 (10.0.19041.2788)
Time: Tue May  9 22:54:08 2023 SE Asia Standard Time elapsed time: 1833.769600 seconds (0d 0h 30m 33s)

---------------  T H R E A D  ---------------

Current thread (0x00000158adb5fce0):  JavaThread "C1 CompilerThread0" daemon [_thread_in_native, id=21840, stack(0x0000000149100000,0x0000000149200000)]


Current CompileTask:
C1:1833769 2515       3       jdk.internal.org.objectweb.asm.MethodWriter::putMethodInfo (1274 bytes)

Stack: [0x0000000149100000,0x0000000149200000]
Native frames: (J=compiled Java code, j=interpreted, Vv=VM code, C=native code)
V  [jvm.dll+0x6bb95a]
V  [jvm.dll+0x8483aa]
V  [jvm.dll+0x849fa5]
V  [jvm.dll+0x84a6a3]
V  [jvm.dll+0x280b0f]
V  [jvm.dll+0xc2b11]
V  [jvm.dll+0xc2e35]
V  [jvm.dll+0x6a8983]
V  [jvm.dll+0x16e6dc]
V  [jvm.dll+0x174737]
V  [jvm.dll+0x1773c0]
V  [jvm.dll+0x174bc4]
V  [jvm.dll+0x174e47]
V  [jvm.dll+0x174c7b]
V  [jvm.dll+0x158649]
V  [jvm.dll+0x1581be]
V  [jvm.dll+0x158384]
V  [jvm.dll+0x1577c6]
V  [jvm.dll+0x1594fd]
V  [jvm.dll+0x259e1b]
V  [jvm.dll+0x2584f0]
V  [jvm.dll+0x3f2895]
V  [jvm.dll+0x7f4906]
V  [jvm.dll+0x6ba5cb]
C  [ucrtbase.dll+0x21bb2]
C  [KERNEL32.DLL+0x17604]
C  [ntdll.dll+0x526a1]


---------------  P R O C E S S  ---------------

Threads class SMR info:
_java_thread_list=0x00000158b4b7d060, length=16, elements={
0x00000158adb3d720, 0x00000158adb48440, 0x00000158adb4d2a0, 0x00000158adb4dbe0,
0x00000158adb4e520, 0x00000158adb4fe70, 0x00000158adb5e350, 0x00000158adb5fce0,
0x00000158b1de9fb0, 0x00000158b1e0b990, 0x00000158b1ffa5e0, 0x00000158b2019af0,
0x00000158b2021280, 0x00000158b2033800, 0x000001588dcb8d00, 0x00000158b4771670
}

Java Threads: ( => current thread )
  0x00000158adb3d720 JavaThread "Reference Handler" daemon [_thread_blocked, id=3156, stack(0x0000000148a00000,0x0000000148b00000)]
  0x00000158adb48440 JavaThread "Finalizer" daemon [_thread_blocked, id=22148, stack(0x0000000148b00000,0x0000000148c00000)]
  0x00000158adb4d2a0 JavaThread "Signal Dispatcher" daemon [_thread_blocked, id=14748, stack(0x0000000148c00000,0x0000000148d00000)]
  0x00000158adb4dbe0 JavaThread "Attach Listener" daemon [_thread_blocked, id=4912, stack(0x0000000148d00000,0x0000000148e00000)]
  0x00000158adb4e520 JavaThread "Service Thread" daemon [_thread_blocked, id=18496, stack(0x0000000148e00000,0x0000000148f00000)]
  0x00000158adb4fe70 JavaThread "Monitor Deflation Thread" daemon [_thread_blocked, id=5072, stack(0x0000000148f00000,0x0000000149000000)]
  0x00000158adb5e350 JavaThread "C2 CompilerThread0" daemon [_thread_blocked, id=3536, stack(0x0000000149000000,0x0000000149100000)]
=>0x00000158adb5fce0 JavaThread "C1 CompilerThread0" daemon [_thread_in_native, id=21840, stack(0x0000000149100000,0x0000000149200000)]
  0x00000158b1de9fb0 JavaThread "Notification Thread" daemon [_thread_blocked, id=11620, stack(0x0000000149200000,0x0000000149300000)]
  0x00000158b1e0b990 JavaThread "Common-Cleaner" daemon [_thread_blocked, id=10440, stack(0x0000000149400000,0x0000000149500000)]
  0x00000158b1ffa5e0 JavaThread "Java2D Disposer" daemon [_thread_blocked, id=12368, stack(0x0000000149500000,0x0000000149600000)]
  0x00000158b2019af0 JavaThread "AWT-Shutdown" [_thread_blocked, id=1336, stack(0x0000000149600000,0x0000000149700000)]
  0x00000158b2021280 JavaThread "AWT-Windows" daemon [_thread_in_native, id=19844, stack(0x0000000149700000,0x0000000149800000)]
  0x00000158b2033800 JavaThread "AWT-EventQueue-0" [_thread_in_native, id=9980, stack(0x0000000149800000,0x0000000149900000)]
  0x000001588dcb8d00 JavaThread "DestroyJavaVM" [_thread_blocked, id=14100, stack(0x0000000148300000,0x0000000148400000)]
  0x00000158b4771670 JavaThread "TimerQueue" daemon [_thread_blocked, id=24996, stack(0x000000014a000000,0x000000014a100000)]

Other Threads:
  0x00000158adb1eca0 VMThread "VM Thread" [stack: 0x0000000148900000,0x0000000148a00000] [id=24364]
  0x00000158b1e0b6e0 WatcherThread "VM Periodic Task Thread" [stack: 0x0000000149300000,0x0000000149400000] [id=21356]
  0x000001588dd182e0 WorkerThread "GC Thread#0" [stack: 0x0000000148400000,0x0000000148500000] [id=20948]
  0x00000158b26cc310 WorkerThread "GC Thread#1" [stack: 0x000000014a100000,0x000000014a200000] [id=10204]
  0x00000158b26ccb80 WorkerThread "GC Thread#2" [stack: 0x000000014a200000,0x000000014a300000] [id=16016]
  0x00000158b26cb230 WorkerThread "GC Thread#3" [stack: 0x000000014a300000,0x000000014a400000] [id=7356]
  0x00000158b26cb500 WorkerThread "GC Thread#4" [stack: 0x000000014a400000,0x000000014a500000] [id=1484]
  0x00000158b26cc040 WorkerThread "GC Thread#5" [stack: 0x000000014a500000,0x000000014a600000] [id=2984]
  0x00000158b26cbaa0 WorkerThread "GC Thread#6" [stack: 0x000000014a600000,0x000000014a700000] [id=21680]
  0x00000158b444de80 WorkerThread "GC Thread#7" [stack: 0x000000014a700000,0x000000014a800000] [id=7276]
  0x000001588dd427a0 ConcurrentGCThread "G1 Main Marker" [stack: 0x0000000148500000,0x0000000148600000] [id=20924]
  0x000001588dd430e0 WorkerThread "G1 Conc#0" [stack: 0x0000000148600000,0x0000000148700000] [id=13328]
  0x00000158ad9e20c0 ConcurrentGCThread "G1 Refine#0" [stack: 0x0000000148700000,0x0000000148800000] [id=2124]
  0x00000158ad9e2970 ConcurrentGCThread "G1 Service" [stack: 0x0000000148800000,0x0000000148900000] [id=17352]

Threads with active compile tasks:
C1 CompilerThread0  1833837 2515       3       jdk.internal.org.objectweb.asm.MethodWriter::putMethodInfo (1274 bytes)

VM state: not at safepoint (normal execution)

VM Mutex/Monitor currently owned by a thread: None

Heap address: 0x0000000743800000, size: 3016 MB, Compressed Oops mode: Zero based, Oop shift amount: 3

CDS archive(s) mapped at: [0x0000000800000000-0x0000000800c60000-0x0000000800c60000), size 12976128, SharedBaseAddress: 0x0000000800000000, ArchiveRelocationMode: 0.
Compressed class space mapped at: 0x0000000801000000-0x0000000841000000, reserved size: 1073741824
Narrow klass base: 0x0000000800000000, Narrow klass shift: 0, Narrow klass range: 0x100000000

GC Precious Log:
 CardTable entry size: 512
 Card Set container configuration: InlinePtr #cards 4 size 8 Array Of Cards #cards 16 size 48 Howl #buckets 8 coarsen threshold 3686 Howl Bitmap #cards 512 size 80 coarsen threshold 460 Card regions per heap region 1 cards per card region 4096
 CPUs: 8 total, 8 available
 Memory: 12056M
 Large Page Support: Disabled
 NUMA Support: Disabled
 Compressed Oops: Enabled (Zero based)
 Heap Region Size: 2M
 Heap Min Capacity: 8M
 Heap Initial Capacity: 190M
 Heap Max Capacity: 3016M
 Pre-touch: Disabled
 Parallel Workers: 8
 Concurrent Workers: 2
 Concurrent Refinement Workers: 8
 Periodic GC: Disabled

Heap:
 garbage-first heap   total 194560K, used 15604K [0x0000000743800000, 0x0000000800000000)
  region size 2048K, 5 young (10240K), 2 survivors (4096K)
 Metaspace       used 19261K, committed 19520K, reserved 1114112K
  class space    used 2084K, committed 2240K, reserved 1048576K

Heap Regions: E=young(eden), S=young(survivor), O=old, HS=humongous(starts), HC=humongous(continues), CS=collection set, F=free, OA=open archive, CA=closed archive, TAMS=top-at-mark-start, PB=parsable bottom
|   0|0x0000000743800000, 0x0000000743a00000, 0x0000000743a00000|100%|HS|  |TAMS 0x0000000743800000| PB 0x0000000743800000| Complete 
|   1|0x0000000743a00000, 0x0000000743c00000, 0x0000000743c00000|100%|HC|  |TAMS 0x0000000743a00000| PB 0x0000000743a00000| Complete 
|   2|0x0000000743c00000, 0x0000000743e00000, 0x0000000743e00000|100%|HC|  |TAMS 0x0000000743c00000| PB 0x0000000743c00000| Complete 
|   3|0x0000000743e00000, 0x0000000743f3d200, 0x0000000744000000| 61%| O|  |TAMS 0x0000000743e00000| PB 0x0000000743e00000| Untracked 
|   4|0x0000000744000000, 0x0000000744000000, 0x0000000744200000|  0%| F|  |TAMS 0x0000000744000000| PB 0x0000000744000000| Untracked 
|   5|0x0000000744200000, 0x0000000744200000, 0x0000000744400000|  0%| F|  |TAMS 0x0000000744200000| PB 0x0000000744200000| Untracked 
|   6|0x0000000744400000, 0x0000000744400000, 0x0000000744600000|  0%| F|  |TAMS 0x0000000744400000| PB 0x0000000744400000| Untracked 
|   7|0x0000000744600000, 0x0000000744600000, 0x0000000744800000|  0%| F|  |TAMS 0x0000000744600000| PB 0x0000000744600000| Untracked 
|   8|0x0000000744800000, 0x0000000744800000, 0x0000000744a00000|  0%| F|  |TAMS 0x0000000744800000| PB 0x0000000744800000| Untracked 
|   9|0x0000000744a00000, 0x0000000744a00000, 0x0000000744c00000|  0%| F|  |TAMS 0x0000000744a00000| PB 0x0000000744a00000| Untracked 
|  10|0x0000000744c00000, 0x0000000744c00000, 0x0000000744e00000|  0%| F|  |TAMS 0x0000000744c00000| PB 0x0000000744c00000| Untracked 
|  11|0x0000000744e00000, 0x0000000744e00000, 0x0000000745000000|  0%| F|  |TAMS 0x0000000744e00000| PB 0x0000000744e00000| Untracked 
|  12|0x0000000745000000, 0x0000000745000000, 0x0000000745200000|  0%| F|  |TAMS 0x0000000745000000| PB 0x0000000745000000| Untracked 
|  13|0x0000000745200000, 0x0000000745200000, 0x0000000745400000|  0%| F|  |TAMS 0x0000000745200000| PB 0x0000000745200000| Untracked 
|  14|0x0000000745400000, 0x0000000745400000, 0x0000000745600000|  0%| F|  |TAMS 0x0000000745400000| PB 0x0000000745400000| Untracked 
|  15|0x0000000745600000, 0x0000000745600000, 0x0000000745800000|  0%| F|  |TAMS 0x0000000745600000| PB 0x0000000745600000| Untracked 
|  16|0x0000000745800000, 0x0000000745800000, 0x0000000745a00000|  0%| F|  |TAMS 0x0000000745800000| PB 0x0000000745800000| Untracked 
|  17|0x0000000745a00000, 0x0000000745a00000, 0x0000000745c00000|  0%| F|  |TAMS 0x0000000745a00000| PB 0x0000000745a00000| Untracked 
|  18|0x0000000745c00000, 0x0000000745c00000, 0x0000000745e00000|  0%| F|  |TAMS 0x0000000745c00000| PB 0x0000000745c00000| Untracked 
|  19|0x0000000745e00000, 0x0000000745e00000, 0x0000000746000000|  0%| F|  |TAMS 0x0000000745e00000| PB 0x0000000745e00000| Untracked 
|  20|0x0000000746000000, 0x0000000746000000, 0x0000000746200000|  0%| F|  |TAMS 0x0000000746000000| PB 0x0000000746000000| Untracked 
|  21|0x0000000746200000, 0x0000000746200000, 0x0000000746400000|  0%| F|  |TAMS 0x0000000746200000| PB 0x0000000746200000| Untracked 
|  22|0x0000000746400000, 0x0000000746400000, 0x0000000746600000|  0%| F|  |TAMS 0x0000000746400000| PB 0x0000000746400000| Untracked 
|  23|0x0000000746600000, 0x0000000746600000, 0x0000000746800000|  0%| F|  |TAMS 0x0000000746600000| PB 0x0000000746600000| Untracked 
|  24|0x0000000746800000, 0x0000000746800000, 0x0000000746a00000|  0%| F|  |TAMS 0x0000000746800000| PB 0x0000000746800000| Untracked 
|  25|0x0000000746a00000, 0x0000000746a00000, 0x0000000746c00000|  0%| F|  |TAMS 0x0000000746a00000| PB 0x0000000746a00000| Untracked 
|  26|0x0000000746c00000, 0x0000000746c00000, 0x0000000746e00000|  0%| F|  |TAMS 0x0000000746c00000| PB 0x0000000746c00000| Untracked 
|  27|0x0000000746e00000, 0x0000000746e00000, 0x0000000747000000|  0%| F|  |TAMS 0x0000000746e00000| PB 0x0000000746e00000| Untracked 
|  28|0x0000000747000000, 0x0000000747000000, 0x0000000747200000|  0%| F|  |TAMS 0x0000000747000000| PB 0x0000000747000000| Untracked 
|  29|0x0000000747200000, 0x0000000747200000, 0x0000000747400000|  0%| F|  |TAMS 0x0000000747200000| PB 0x0000000747200000| Untracked 
|  30|0x0000000747400000, 0x0000000747400000, 0x0000000747600000|  0%| F|  |TAMS 0x0000000747400000| PB 0x0000000747400000| Untracked 
|  31|0x0000000747600000, 0x0000000747600000, 0x0000000747800000|  0%| F|  |TAMS 0x0000000747600000| PB 0x0000000747600000| Untracked 
|  32|0x0000000747800000, 0x0000000747800000, 0x0000000747a00000|  0%| F|  |TAMS 0x0000000747800000| PB 0x0000000747800000| Untracked 
|  33|0x0000000747a00000, 0x0000000747a00000, 0x0000000747c00000|  0%| F|  |TAMS 0x0000000747a00000| PB 0x0000000747a00000| Untracked 
|  34|0x0000000747c00000, 0x0000000747c00000, 0x0000000747e00000|  0%| F|  |TAMS 0x0000000747c00000| PB 0x0000000747c00000| Untracked 
|  35|0x0000000747e00000, 0x0000000747e00000, 0x0000000748000000|  0%| F|  |TAMS 0x0000000747e00000| PB 0x0000000747e00000| Untracked 
|  36|0x0000000748000000, 0x0000000748000000, 0x0000000748200000|  0%| F|  |TAMS 0x0000000748000000| PB 0x0000000748000000| Untracked 
|  37|0x0000000748200000, 0x0000000748200000, 0x0000000748400000|  0%| F|  |TAMS 0x0000000748200000| PB 0x0000000748200000| Untracked 
|  38|0x0000000748400000, 0x0000000748400000, 0x0000000748600000|  0%| F|  |TAMS 0x0000000748400000| PB 0x0000000748400000| Untracked 
|  39|0x0000000748600000, 0x0000000748600000, 0x0000000748800000|  0%| F|  |TAMS 0x0000000748600000| PB 0x0000000748600000| Untracked 
|  40|0x0000000748800000, 0x0000000748800000, 0x0000000748a00000|  0%| F|  |TAMS 0x0000000748800000| PB 0x0000000748800000| Untracked 
|  41|0x0000000748a00000, 0x0000000748a00000, 0x0000000748c00000|  0%| F|  |TAMS 0x0000000748a00000| PB 0x0000000748a00000| Untracked 
|  42|0x0000000748c00000, 0x0000000748c00000, 0x0000000748e00000|  0%| F|  |TAMS 0x0000000748c00000| PB 0x0000000748c00000| Untracked 
|  43|0x0000000748e00000, 0x0000000748e00000, 0x0000000749000000|  0%| F|  |TAMS 0x0000000748e00000| PB 0x0000000748e00000| Untracked 
|  44|0x0000000749000000, 0x0000000749000000, 0x0000000749200000|  0%| F|  |TAMS 0x0000000749000000| PB 0x0000000749000000| Untracked 
|  45|0x0000000749200000, 0x0000000749200000, 0x0000000749400000|  0%| F|  |TAMS 0x0000000749200000| PB 0x0000000749200000| Untracked 
|  46|0x0000000749400000, 0x0000000749400000, 0x0000000749600000|  0%| F|  |TAMS 0x0000000749400000| PB 0x0000000749400000| Untracked 
|  47|0x0000000749600000, 0x0000000749600000, 0x0000000749800000|  0%| F|  |TAMS 0x0000000749600000| PB 0x0000000749600000| Untracked 
|  48|0x0000000749800000, 0x0000000749800000, 0x0000000749a00000|  0%| F|  |TAMS 0x0000000749800000| PB 0x0000000749800000| Untracked 
|  49|0x0000000749a00000, 0x0000000749a00000, 0x0000000749c00000|  0%| F|  |TAMS 0x0000000749a00000| PB 0x0000000749a00000| Untracked 
|  50|0x0000000749c00000, 0x0000000749c00000, 0x0000000749e00000|  0%| F|  |TAMS 0x0000000749c00000| PB 0x0000000749c00000| Untracked 
|  51|0x0000000749e00000, 0x0000000749e00000, 0x000000074a000000|  0%| F|  |TAMS 0x0000000749e00000| PB 0x0000000749e00000| Untracked 
|  52|0x000000074a000000, 0x000000074a000000, 0x000000074a200000|  0%| F|  |TAMS 0x000000074a000000| PB 0x000000074a000000| Untracked 
|  53|0x000000074a200000, 0x000000074a200000, 0x000000074a400000|  0%| F|  |TAMS 0x000000074a200000| PB 0x000000074a200000| Untracked 
|  54|0x000000074a400000, 0x000000074a400000, 0x000000074a600000|  0%| F|  |TAMS 0x000000074a400000| PB 0x000000074a400000| Untracked 
|  55|0x000000074a600000, 0x000000074a600000, 0x000000074a800000|  0%| F|  |TAMS 0x000000074a600000| PB 0x000000074a600000| Untracked 
|  56|0x000000074a800000, 0x000000074a800000, 0x000000074aa00000|  0%| F|  |TAMS 0x000000074a800000| PB 0x000000074a800000| Untracked 
|  57|0x000000074aa00000, 0x000000074aa00000, 0x000000074ac00000|  0%| F|  |TAMS 0x000000074aa00000| PB 0x000000074aa00000| Untracked 
|  58|0x000000074ac00000, 0x000000074ac00000, 0x000000074ae00000|  0%| F|  |TAMS 0x000000074ac00000| PB 0x000000074ac00000| Untracked 
|  59|0x000000074ae00000, 0x000000074ae00000, 0x000000074b000000|  0%| F|  |TAMS 0x000000074ae00000| PB 0x000000074ae00000| Untracked 
|  60|0x000000074b000000, 0x000000074b000000, 0x000000074b200000|  0%| F|  |TAMS 0x000000074b000000| PB 0x000000074b000000| Untracked 
|  61|0x000000074b200000, 0x000000074b200000, 0x000000074b400000|  0%| F|  |TAMS 0x000000074b200000| PB 0x000000074b200000| Untracked 
|  62|0x000000074b400000, 0x000000074b400000, 0x000000074b600000|  0%| F|  |TAMS 0x000000074b400000| PB 0x000000074b400000| Untracked 
|  63|0x000000074b600000, 0x000000074b600000, 0x000000074b800000|  0%| F|  |TAMS 0x000000074b600000| PB 0x000000074b600000| Untracked 
|  64|0x000000074b800000, 0x000000074b800000, 0x000000074ba00000|  0%| F|  |TAMS 0x000000074b800000| PB 0x000000074b800000| Untracked 
|  65|0x000000074ba00000, 0x000000074ba00000, 0x000000074bc00000|  0%| F|  |TAMS 0x000000074ba00000| PB 0x000000074ba00000| Untracked 
|  66|0x000000074bc00000, 0x000000074bc00000, 0x000000074be00000|  0%| F|  |TAMS 0x000000074bc00000| PB 0x000000074bc00000| Untracked 
|  67|0x000000074be00000, 0x000000074be00000, 0x000000074c000000|  0%| F|  |TAMS 0x000000074be00000| PB 0x000000074be00000| Untracked 
|  68|0x000000074c000000, 0x000000074c000000, 0x000000074c200000|  0%| F|  |TAMS 0x000000074c000000| PB 0x000000074c000000| Untracked 
|  69|0x000000074c200000, 0x000000074c200000, 0x000000074c400000|  0%| F|  |TAMS 0x000000074c200000| PB 0x000000074c200000| Untracked 
|  70|0x000000074c400000, 0x000000074c400000, 0x000000074c600000|  0%| F|  |TAMS 0x000000074c400000| PB 0x000000074c400000| Untracked 
|  71|0x000000074c600000, 0x000000074c600000, 0x000000074c800000|  0%| F|  |TAMS 0x000000074c600000| PB 0x000000074c600000| Untracked 
|  72|0x000000074c800000, 0x000000074c800000, 0x000000074ca00000|  0%| F|  |TAMS 0x000000074c800000| PB 0x000000074c800000| Untracked 
|  73|0x000000074ca00000, 0x000000074ca00000, 0x000000074cc00000|  0%| F|  |TAMS 0x000000074ca00000| PB 0x000000074ca00000| Untracked 
|  74|0x000000074cc00000, 0x000000074cc00000, 0x000000074ce00000|  0%| F|  |TAMS 0x000000074cc00000| PB 0x000000074cc00000| Untracked 
|  75|0x000000074ce00000, 0x000000074ce00000, 0x000000074d000000|  0%| F|  |TAMS 0x000000074ce00000| PB 0x000000074ce00000| Untracked 
|  76|0x000000074d000000, 0x000000074d000000, 0x000000074d200000|  0%| F|  |TAMS 0x000000074d000000| PB 0x000000074d000000| Untracked 
|  77|0x000000074d200000, 0x000000074d200000, 0x000000074d400000|  0%| F|  |TAMS 0x000000074d200000| PB 0x000000074d200000| Untracked 
|  78|0x000000074d400000, 0x000000074d400000, 0x000000074d600000|  0%| F|  |TAMS 0x000000074d400000| PB 0x000000074d400000| Untracked 
|  79|0x000000074d600000, 0x000000074d600000, 0x000000074d800000|  0%| F|  |TAMS 0x000000074d600000| PB 0x000000074d600000| Untracked 
|  80|0x000000074d800000, 0x000000074d800000, 0x000000074da00000|  0%| F|  |TAMS 0x000000074d800000| PB 0x000000074d800000| Untracked 
|  81|0x000000074da00000, 0x000000074da00000, 0x000000074dc00000|  0%| F|  |TAMS 0x000000074da00000| PB 0x000000074da00000| Untracked 
|  82|0x000000074dc00000, 0x000000074de00000, 0x000000074de00000|100%| S|CS|TAMS 0x000000074dc00000| PB 0x000000074dc00000| Complete 
|  83|0x000000074de00000, 0x000000074e000000, 0x000000074e000000|100%| S|CS|TAMS 0x000000074de00000| PB 0x000000074de00000| Complete 
|  84|0x000000074e000000, 0x000000074e000000, 0x000000074e200000|  0%| F|  |TAMS 0x000000074e000000| PB 0x000000074e000000| Untracked 
|  85|0x000000074e200000, 0x000000074e200000, 0x000000074e400000|  0%| F|  |TAMS 0x000000074e200000| PB 0x000000074e200000| Untracked 
|  86|0x000000074e400000, 0x000000074e400000, 0x000000074e600000|  0%| F|  |TAMS 0x000000074e400000| PB 0x000000074e400000| Untracked 
|  87|0x000000074e600000, 0x000000074e600000, 0x000000074e800000|  0%| F|  |TAMS 0x000000074e600000| PB 0x000000074e600000| Untracked 
|  88|0x000000074e800000, 0x000000074e800000, 0x000000074ea00000|  0%| F|  |TAMS 0x000000074e800000| PB 0x000000074e800000| Untracked 
|  89|0x000000074ea00000, 0x000000074ea00000, 0x000000074ec00000|  0%| F|  |TAMS 0x000000074ea00000| PB 0x000000074ea00000| Untracked 
|  90|0x000000074ec00000, 0x000000074ec00000, 0x000000074ee00000|  0%| F|  |TAMS 0x000000074ec00000| PB 0x000000074ec00000| Untracked 
|  91|0x000000074ee00000, 0x000000074ee00000, 0x000000074f000000|  0%| F|  |TAMS 0x000000074ee00000| PB 0x000000074ee00000| Untracked 
|  92|0x000000074f000000, 0x000000074f0b2898, 0x000000074f200000| 34%| E|  |TAMS 0x000000074f000000| PB 0x000000074f000000| Complete 
|  93|0x000000074f200000, 0x000000074f400000, 0x000000074f400000|100%| E|CS|TAMS 0x000000074f200000| PB 0x000000074f200000| Complete 
|  94|0x000000074f400000, 0x000000074f600000, 0x000000074f600000|100%| E|CS|TAMS 0x000000074f400000| PB 0x000000074f400000| Complete 

Card table byte_map: [0x00000158a75b0000,0x00000158a7ba0000] _byte_map_base: 0x00000158a3b94000

Marking Bits: (CMBitMap*) 0x000001588dd18820
 Bits: [0x00000158a8190000, 0x00000158ab0b0000)

Polling page: 0x000001588dd90000

Metaspace:

Usage:
  Non-class:     16.77 MB used.
      Class:      2.04 MB used.
       Both:     18.81 MB used.

Virtual space:
  Non-class space:       64.00 MB reserved,      16.88 MB ( 26%) committed,  1 nodes.
      Class space:        1.00 GB reserved,       2.19 MB ( <1%) committed,  1 nodes.
             Both:        1.06 GB reserved,      19.06 MB (  2%) committed. 

Chunk freelists:
   Non-Class:  3.00 MB
       Class:  1.73 MB
        Both:  4.73 MB

MaxMetaspaceSize: unlimited
CompressedClassSpaceSize: 1.00 GB
Initial GC threshold: 21.00 MB
Current GC threshold: 21.00 MB
CDS: on
MetaspaceReclaimPolicy: balanced
 - commit_granule_bytes: 65536.
 - commit_granule_words: 8192.
 - virtual_space_node_default_size: 8388608.
 - enlarge_chunks_in_place: 1.
 - new_chunks_are_fully_committed: 0.
 - uncommit_free_chunks: 1.
 - use_allocation_guard: 0.


Internal statistics:

num_allocs_failed_limit: 0.
num_arena_births: 186.
num_arena_deaths: 0.
num_vsnodes_births: 2.
num_vsnodes_deaths: 0.
num_space_committed: 305.
num_space_uncommitted: 0.
num_chunks_returned_to_freelist: 0.
num_chunks_taken_from_freelist: 354.
num_chunk_merges: 0.
num_chunk_splits: 203.
num_chunks_enlarged: 110.
num_inconsistent_stats: 0.

CodeHeap 'non-profiled nmethods': size=120000Kb used=850Kb max_used=850Kb free=119149Kb
 bounds [0x000001589f020000, 0x000001589f290000, 0x00000158a6550000]
CodeHeap 'profiled nmethods': size=120000Kb used=4631Kb max_used=4631Kb free=115369Kb
 bounds [0x0000015897550000, 0x00000158979e0000, 0x000001589ea80000]
CodeHeap 'non-nmethods': size=5760Kb used=1807Kb max_used=1861Kb free=3952Kb
 bounds [0x000001589ea80000, 0x000001589ecf0000, 0x000001589f020000]
 total_blobs=3286 nmethods=2513 adapters=683
 compilation: enabled
              stopped_count=0, restarted_count=0
 full_count=0

Compilation events (20 events):
Event: 61.567 Thread 0x00000158adb5fce0 2505       3       java.util.WeakHashMap::put (160 bytes)
Event: 61.568 Thread 0x00000158adb5e350 nmethod 2504 0x000001589f0f4090 code [0x000001589f0f4200, 0x000001589f0f42f0]
Event: 61.568 Thread 0x00000158adb5fce0 nmethod 2505 0x00000158979d0d10 code [0x00000158979d0f80, 0x00000158979d1f88]
Event: 61.568 Thread 0x00000158adb5fce0 2506       1       java.awt.Component::setAutoFocusTransferOnDisposal (6 bytes)
Event: 61.568 Thread 0x00000158adb5fce0 nmethod 2506 0x000001589f0f4390 code [0x000001589f0f4500, 0x000001589f0f45d0]
Event: 61.569 Thread 0x00000158adb5fce0 2507       1       sun.awt.windows.WObjectPeer::getStateLock (5 bytes)
Event: 61.569 Thread 0x00000158adb5fce0 nmethod 2507 0x000001589f0f4690 code [0x000001589f0f4800, 0x000001589f0f48d0]
Event: 61.569 Thread 0x00000158adb5fce0 2508       3       java.util.AbstractList::listIterator (6 bytes)
Event: 61.570 Thread 0x00000158adb5fce0 nmethod 2508 0x00000158979d2490 code [0x00000158979d2620, 0x00000158979d27f0]
Event: 1833.749 Thread 0x00000158adb5fce0 2509       3       jdk.internal.org.objectweb.asm.ClassWriter::visit (160 bytes)
Event: 1833.750 Thread 0x00000158adb5fce0 nmethod 2509 0x00000158979d2890 code [0x00000158979d2aa0, 0x00000158979d32d8]
Event: 1833.750 Thread 0x00000158adb5fce0 2511       3       jdk.internal.org.objectweb.asm.MethodWriter::visitMaxs (60 bytes)
Event: 1833.751 Thread 0x00000158adb5fce0 nmethod 2511 0x00000158979d3710 code [0x00000158979d38e0, 0x00000158979d3ba8]
Event: 1833.751 Thread 0x00000158adb5fce0 2512       3       jdk.internal.org.objectweb.asm.MethodWriter::visitEnd (1 bytes)
Event: 1833.751 Thread 0x00000158adb5fce0 nmethod 2512 0x00000158979d3c90 code [0x00000158979d3e20, 0x00000158979d3f30]
Event: 1833.751 Thread 0x00000158adb5fce0 2513       3       jdk.internal.org.objectweb.asm.MethodWriter::computeMethodInfoSize (571 bytes)
Event: 1833.755 Thread 0x00000158adb5fce0 nmethod 2513 0x00000158979d3f90 code [0x00000158979d4280, 0x00000158979d51d8]
Event: 1833.756 Thread 0x00000158adb5fce0 2514       3       jdk.internal.org.objectweb.asm.MethodWriter::hasFrames (13 bytes)
Event: 1833.756 Thread 0x00000158adb5fce0 nmethod 2514 0x00000158979d5890 code [0x00000158979d5a20, 0x00000158979d5b90]
Event: 1833.756 Thread 0x00000158adb5fce0 2515       3       jdk.internal.org.objectweb.asm.MethodWriter::putMethodInfo (1274 bytes)

GC Heap History (2 events):
Event: 2.620 GC heap before
{Heap before GC invocations=0 (full 0):
 garbage-first heap   total 194560K, used 28672K [0x0000000743800000, 0x0000000800000000)
  region size 2048K, 11 young (22528K), 0 survivors (0K)
 Metaspace       used 17934K, committed 18176K, reserved 1114112K
  class space    used 1985K, committed 2112K, reserved 1048576K
}
Event: 2.632 GC heap after
{Heap after GC invocations=1 (full 0):
 garbage-first heap   total 194560K, used 11508K [0x0000000743800000, 0x0000000800000000)
  region size 2048K, 2 young (4096K), 2 survivors (4096K)
 Metaspace       used 17934K, committed 18176K, reserved 1114112K
  class space    used 1985K, committed 2112K, reserved 1048576K
}

Dll operation events (11 events):
Event: 0.007 Loaded shared library E:\java-jdk\bin\java.dll
Event: 0.016 Loaded shared library E:\java-jdk\bin\jsvml.dll
Event: 0.072 Loaded shared library E:\java-jdk\bin\jimage.dll
Event: 0.079 Loaded shared library E:\java-jdk\bin\net.dll
Event: 0.080 Loaded shared library E:\java-jdk\bin\nio.dll
Event: 0.084 Loaded shared library E:\java-jdk\bin\zip.dll
Event: 0.099 Loaded shared library E:\java-jdk\bin\awt.dll
Event: 0.409 Loaded shared library E:\java-jdk\bin\freetype.dll
Event: 0.410 Loaded shared library E:\java-jdk\bin\fontmanager.dll
Event: 2.080 Loaded shared library E:\java-jdk\bin\extnet.dll
Event: 2.159 Loaded shared library E:\java-jdk\bin\sunmscapi.dll

Deoptimization events (20 events):
Event: 5.037 Thread 0x00000158b2033800 Uncommon trap: trap_request=0xffffffde fr.pc=0x000001589f046430 relative=0x00000000000001b0
Event: 5.037 Thread 0x00000158b2033800 Uncommon trap: reason=class_check action=maybe_recompile pc=0x000001589f046430 method=java.lang.String.equals(Ljava/lang/Object;)Z @ 8 c2
Event: 5.037 Thread 0x00000158b2033800 DEOPT PACKING pc=0x000001589f046430 sp=0x00000001498fe530
Event: 5.037 Thread 0x00000158b2033800 DEOPT UNPACKING pc=0x000001589eae9d22 sp=0x00000001498fe4b8 mode 2
Event: 5.997 Thread 0x00000158b2033800 Uncommon trap: trap_request=0xffffff45 fr.pc=0x000001589f073d30 relative=0x00000000000001b0
Event: 5.997 Thread 0x00000158b2033800 Uncommon trap: reason=unstable_if action=reinterpret pc=0x000001589f073d30 method=java.lang.String.indexOf(II)I @ 4 c2
Event: 5.997 Thread 0x00000158b2033800 DEOPT PACKING pc=0x000001589f073d30 sp=0x00000001498fe4b0
Event: 5.997 Thread 0x00000158b2033800 DEOPT UNPACKING pc=0x000001589eae9d22 sp=0x00000001498fe450 mode 2
Event: 7.969 Thread 0x00000158b2033800 Uncommon trap: trap_request=0xffffffde fr.pc=0x000001589f046430 relative=0x00000000000001b0
Event: 7.969 Thread 0x00000158b2033800 Uncommon trap: reason=class_check action=maybe_recompile pc=0x000001589f046430 method=java.lang.String.equals(Ljava/lang/Object;)Z @ 8 c2
Event: 7.969 Thread 0x00000158b2033800 DEOPT PACKING pc=0x000001589f046430 sp=0x00000001498fe480
Event: 7.969 Thread 0x00000158b2033800 DEOPT UNPACKING pc=0x000001589eae9d22 sp=0x00000001498fe408 mode 2
Event: 53.867 Thread 0x00000158b2033800 Uncommon trap: trap_request=0xffffffde fr.pc=0x000001589f046430 relative=0x00000000000001b0
Event: 53.867 Thread 0x00000158b2033800 Uncommon trap: reason=class_check action=maybe_recompile pc=0x000001589f046430 method=java.lang.String.equals(Ljava/lang/Object;)Z @ 8 c2
Event: 53.867 Thread 0x00000158b2033800 DEOPT PACKING pc=0x000001589f046430 sp=0x00000001498fe4b0
Event: 53.867 Thread 0x00000158b2033800 DEOPT UNPACKING pc=0x000001589eae9d22 sp=0x00000001498fe438 mode 2
Event: 60.129 Thread 0x00000158b2033800 Uncommon trap: trap_request=0xffffff45 fr.pc=0x000001589f0eebc8 relative=0x0000000000002ca8
Event: 60.129 Thread 0x00000158b2033800 Uncommon trap: reason=unstable_if action=reinterpret pc=0x000001589f0eebc8 method=java.awt.EventQueue.getPriority(Ljava/awt/AWTEvent;)I @ 4 c2
Event: 60.129 Thread 0x00000158b2033800 DEOPT PACKING pc=0x000001589f0eebc8 sp=0x00000001498feab0
Event: 60.129 Thread 0x00000158b2033800 DEOPT UNPACKING pc=0x000001589eae9d22 sp=0x00000001498fe968 mode 2

Classes loaded (20 events):
Event: 57.962 Loading class javax/swing/JComponent$IntVector
Event: 57.962 Loading class javax/swing/JComponent$IntVector done
Event: 57.962 Loading class javax/swing/KeyboardManager
Event: 57.962 Loading class javax/swing/KeyboardManager done
Event: 57.962 Loading class javax/swing/JComponent$ActionStandin
Event: 57.962 Loading class javax/swing/JComponent$ActionStandin done
Event: 58.996 Loading class javax/swing/text/JTextComponent$InputMethodRequestsHandler
Event: 58.996 Loading class javax/swing/text/JTextComponent$InputMethodRequestsHandler done
Event: 60.120 Loading class java/awt/KeyboardFocusManager$2
Event: 60.121 Loading class java/awt/KeyboardFocusManager$2 done
Event: 60.121 Loading class sun/awt/SunToolkit$1
Event: 60.121 Loading class sun/awt/SunToolkit$1 done
Event: 61.552 Loading class java/awt/Window$1DisposeAction
Event: 61.552 Loading class java/awt/Window$1DisposeAction done
Event: 1833.752 Loading class java/util/WeakHashMap$KeyIterator
Event: 1833.752 Loading class java/util/WeakHashMap$HashIterator
Event: 1833.752 Loading class java/util/WeakHashMap$HashIterator done
Event: 1833.752 Loading class java/util/WeakHashMap$KeyIterator done
Event: 1833.753 Loading class javax/swing/RepaintManager$DisplayChangedRunnable
Event: 1833.753 Loading class javax/swing/RepaintManager$DisplayChangedRunnable done

Classes unloaded (0 events):
No events

Classes redefined (0 events):
No events

Internal exceptions (18 events):
Event: 0.089 Thread 0x000001588dcb8d00 Exception <a 'java/lang/ClassNotFoundException'{0x000000074f2a7410}: sun/awt/resources/spi/awtProvider> (0x000000074f2a7410) 
thrown [s\open\src\hotspot\share\classfile\systemDictionary.cpp, line 305]
Event: 0.115 Thread 0x000001588dcb8d00 Exception <a 'java/io/FileNotFoundException'{0x000000074f302610}> (0x000000074f302610) 
thrown [s\open\src\hotspot\share\prims\jni.cpp, line 519]
Event: 0.123 Thread 0x000001588dcb8d00 Exception <a 'java/io/FileNotFoundException'{0x000000074f32c5d8}> (0x000000074f32c5d8) 
thrown [s\open\src\hotspot\share\prims\jni.cpp, line 519]
Event: 0.205 Thread 0x00000158b2033800 Exception <a 'java/lang/NoSuchMethodError'{0x000000074f0c7568}: 'void java.lang.invoke.DirectMethodHandle$Holder.invokeSpecial(java.lang.Object, java.lang.Object, java.lang.Object)'> (0x000000074f0c7568) 
thrown [s\open\src\hotspot\share\interpreter\linkResolver.cpp, line 773]
Event: 0.216 Thread 0x00000158b2033800 Exception <a 'java/lang/NoSuchMethodError'{0x000000074f1629e0}: 'java.lang.Object java.lang.invoke.DirectMethodHandle$Holder.newInvokeSpecial(java.lang.Object, java.lang.Object, java.lang.Object, java.lang.Object, java.lang.Object)'> (0x000000074f1629e0) 
thrown [s\open\src\hotspot\share\interpreter\linkResolver.cpp, line 773]
Event: 0.223 Thread 0x00000158b2033800 Exception <a 'java/lang/NoSuchMethodError'{0x000000074f193288}: 'java.lang.Object java.lang.invoke.DirectMethodHandle$Holder.invokeStatic(java.lang.Object, int, java.lang.Object)'> (0x000000074f193288) 
thrown [s\open\src\hotspot\share\interpreter\linkResolver.cpp, line 773]
Event: 0.253 Thread 0x00000158b2033800 Exception <a 'java/lang/ClassNotFoundException'{0x000000074ee4e920}: com/sun/swing/internal/plaf/metal/resources/spi/metalProvider> (0x000000074ee4e920) 
thrown [s\open\src\hotspot\share\classfile\systemDictionary.cpp, line 305]
Event: 0.254 Thread 0x00000158b2033800 Exception <a 'java/lang/ClassNotFoundException'{0x000000074ee52900}: com/sun/swing/internal/plaf/basic/resources/spi/basicProvider> (0x000000074ee52900) 
thrown [s\open\src\hotspot\share\classfile\systemDictionary.cpp, line 305]
Event: 0.265 Thread 0x00000158b2033800 Exception <a 'java/lang/NoSuchMethodError'{0x000000074ee72248}: 'int java.lang.invoke.Invokers$Holder.invokeExact_MT(java.lang.Object, java.lang.Object)'> (0x000000074ee72248) 
thrown [s\open\src\hotspot\share\interpreter\linkResolver.cpp, line 773]
Event: 0.338 Thread 0x00000158b20cf180 Exception <a 'java/lang/NoSuchMethodError'{0x000000074ec83480}: 'java.lang.Object java.lang.invoke.DirectMethodHandle$Holder.newInvokeSpecial(java.lang.Object, java.lang.Object, java.lang.Object, int, int, int, int, int)'> (0x000000074ec83480) 
thrown [s\open\src\hotspot\share\interpreter\linkResolver.cpp, line 773]
Event: 0.456 Thread 0x00000158b2021280 Exception <a 'java/lang/NoSuchMethodError'{0x000000074f00f848}: 'void java.lang.invoke.DirectMethodHandle$Holder.invokeVirtual(java.lang.Object, java.lang.Object)'> (0x000000074f00f848) 
thrown [s\open\src\hotspot\share\interpreter\linkResolver.cpp, line 773]
Event: 0.474 Thread 0x00000158b2033800 Exception <a 'java/lang/NoSuchMethodError'{0x000000074ed2dfa0}: 'void java.lang.invoke.DirectMethodHandle$Holder.invokeStaticInit(java.lang.Object)'> (0x000000074ed2dfa0) 
thrown [s\open\src\hotspot\share\interpreter\linkResolver.cpp, line 773]
Event: 1.849 Thread 0x00000158b2033800 Exception <a 'java/lang/NoSuchMethodError'{0x000000074ea72050}: 'void java.lang.invoke.DirectMethodHandle$Holder.invokeStatic(java.lang.Object, java.lang.Object, java.lang.Object)'> (0x000000074ea72050) 
thrown [s\open\src\hotspot\share\interpreter\linkResolver.cpp, line 773]
Event: 1.851 Thread 0x00000158b2033800 Exception <a 'java/lang/NoSuchMethodError'{0x000000074ea78498}: 'void java.lang.invoke.DirectMethodHandle$Holder.invokeStatic(java.lang.Object, java.lang.Object)'> (0x000000074ea78498) 
thrown [s\open\src\hotspot\share\interpreter\linkResolver.cpp, line 773]
Event: 2.011 Thread 0x00000158b2033800 Exception <a 'java/lang/NoSuchMethodError'{0x000000074e68b4e0}: 'java.lang.Object java.lang.invoke.DirectMethodHandle$Holder.invokeInterface(java.lang.Object, java.lang.Object)'> (0x000000074e68b4e0) 
thrown [s\open\src\hotspot\share\interpreter\linkResolver.cpp, line 773]
Event: 2.088 Thread 0x00000158b2033800 Exception <a 'java/lang/NoSuchMethodError'{0x000000074e7cfae8}: 'java.lang.Object java.lang.invoke.DirectMethodHandle$Holder.invokeStaticInit(java.lang.Object, int, int, int, int)'> (0x000000074e7cfae8) 
thrown [s\open\src\hotspot\share\interpreter\linkResolver.cpp, line 773]
Event: 2.142 Thread 0x00000158b2033800 Exception <a 'java/lang/NoSuchMethodError'{0x000000074e447f58}: 'java.lang.Object java.lang.invoke.DirectMethodHandle$Holder.invokeStaticInit(java.lang.Object, java.lang.Object, int, int, int, int)'> (0x000000074e447f58) 
thrown [s\open\src\hotspot\share\interpreter\linkResolver.cpp, line 773]
Event: 2.181 Thread 0x00000158b2033800 Exception <a 'sun/nio/fs/WindowsException'{0x000000074e4ed940}> (0x000000074e4ed940) 
thrown [s\open\src\hotspot\share\prims\jni.cpp, line 519]

VM Operations (20 events):
Event: 52.274 Executing VM operation: Cleanup
Event: 52.274 Executing VM operation: Cleanup done
Event: 53.274 Executing VM operation: Cleanup
Event: 53.274 Executing VM operation: Cleanup done
Event: 54.284 Executing VM operation: Cleanup
Event: 54.284 Executing VM operation: Cleanup done
Event: 55.299 Executing VM operation: Cleanup
Event: 55.299 Executing VM operation: Cleanup done
Event: 56.313 Executing VM operation: Cleanup
Event: 56.313 Executing VM operation: Cleanup done
Event: 57.326 Executing VM operation: Cleanup
Event: 57.326 Executing VM operation: Cleanup done
Event: 58.337 Executing VM operation: Cleanup
Event: 58.337 Executing VM operation: Cleanup done
Event: 59.351 Executing VM operation: Cleanup
Event: 59.351 Executing VM operation: Cleanup done
Event: 60.363 Executing VM operation: Cleanup
Event: 60.363 Executing VM operation: Cleanup done
Event: 61.370 Executing VM operation: Cleanup
Event: 61.370 Executing VM operation: Cleanup done

Events (20 events):
Event: 0.029 Thread 0x00000158adb4fe70 Thread added: 0x00000158adb4fe70
Event: 0.029 Thread 0x00000158adb5e350 Thread added: 0x00000158adb5e350
Event: 0.029 Thread 0x00000158adb5fce0 Thread added: 0x00000158adb5fce0
Event: 0.044 Thread 0x00000158b1de9fb0 Thread added: 0x00000158b1de9fb0
Event: 0.047 Thread 0x00000158b1e0b990 Thread added: 0x00000158b1e0b990
Event: 0.152 Thread 0x00000158b1ffa5e0 Thread added: 0x00000158b1ffa5e0
Event: 0.154 Thread 0x00000158b2019af0 Thread added: 0x00000158b2019af0
Event: 0.156 Thread 0x00000158b2021280 Thread added: 0x00000158b2021280
Event: 0.173 Thread 0x00000158b2033800 Thread added: 0x00000158b2033800
Event: 0.173 Thread 0x000001588dcb8d00 Thread exited: 0x000001588dcb8d00
Event: 0.173 Thread 0x000001588dcb8d00 Thread added: 0x000001588dcb8d00
Event: 0.273 Thread 0x00000158b20cf180 Thread added: 0x00000158b20cf180
Event: 0.300 Thread 0x00000158b2091f10 Thread added: 0x00000158b2091f10
Event: 0.614 Thread 0x00000158b2091f10 Thread exited: 0x00000158b2091f10
Event: 1.944 Thread 0x00000158b27ad090 Thread added: 0x00000158b27ad090
Event: 2.312 Thread 0x00000158b2ad97d0 Thread added: 0x00000158b2ad97d0
Event: 2.599 Thread 0x00000158b4771670 Thread added: 0x00000158b4771670
Event: 2.737 Thread 0x00000158b2ad97d0 Thread exited: 0x00000158b2ad97d0
Event: 3.326 Thread 0x00000158b27ad090 Thread exited: 0x00000158b27ad090
Event: 5.350 Thread 0x00000158b20cf180 Thread exited: 0x00000158b20cf180


Dynamic libraries:
0x00007ff6ef530000 - 0x00007ff6ef540000 	E:\java-jdk\bin\javaw.exe
0x00007ff8ecbd0000 - 0x00007ff8ecdc8000 	C:\WINDOWS\SYSTEM32\ntdll.dll
0x00007ff8ebde0000 - 0x00007ff8ebe9f000 	C:\WINDOWS\System32\KERNEL32.DLL
0x00007ff8ea2e0000 - 0x00007ff8ea5ba000 	C:\WINDOWS\System32\KERNELBASE.dll
0x00007ff8ea680000 - 0x00007ff8ea780000 	C:\WINDOWS\System32\ucrtbase.dll
0x00007ff8afb20000 - 0x00007ff8afb3b000 	E:\java-jdk\bin\VCRUNTIME140.dll
0x00007ff8afb00000 - 0x00007ff8afb19000 	E:\java-jdk\bin\jli.dll
0x00007ff8ec080000 - 0x00007ff8ec12e000 	C:\WINDOWS\System32\ADVAPI32.dll
0x00007ff8eb610000 - 0x00007ff8eb6ae000 	C:\WINDOWS\System32\msvcrt.dll
0x00007ff8ebd00000 - 0x00007ff8ebd9c000 	C:\WINDOWS\System32\sechost.dll
0x00007ff8ebea0000 - 0x00007ff8ebfc6000 	C:\WINDOWS\System32\RPCRT4.dll
0x00007ff8ec130000 - 0x00007ff8ec2cd000 	C:\WINDOWS\System32\USER32.dll
0x00007ff8ea5c0000 - 0x00007ff8ea5e2000 	C:\WINDOWS\System32\win32u.dll
0x00007ff8bec70000 - 0x00007ff8bef0a000 	C:\WINDOWS\WinSxS\amd64_microsoft.windows.common-controls_6595b64144ccf1df_6.0.19041.1110_none_60b5254171f9507e\COMCTL32.dll
0x00007ff8ebcd0000 - 0x00007ff8ebcfb000 	C:\WINDOWS\System32\GDI32.dll
0x00007ff8ea830000 - 0x00007ff8ea940000 	C:\WINDOWS\System32\gdi32full.dll
0x00007ff8ea940000 - 0x00007ff8ea9dd000 	C:\WINDOWS\System32\msvcp_win.dll
0x00007ff8dc920000 - 0x00007ff8dc92a000 	C:\WINDOWS\SYSTEM32\VERSION.dll
0x00007ff8ecb60000 - 0x00007ff8ecb90000 	C:\WINDOWS\System32\IMM32.DLL
0x00007ff8df0f0000 - 0x00007ff8df0fc000 	E:\java-jdk\bin\vcruntime140_1.dll
0x00007ff8ac000000 - 0x00007ff8ac08e000 	E:\java-jdk\bin\msvcp140.dll
0x00007ff86d6d0000 - 0x00007ff86e367000 	E:\java-jdk\bin\server\jvm.dll
0x00007ff8e4440000 - 0x00007ff8e4467000 	C:\WINDOWS\SYSTEM32\WINMM.dll
0x00007ff8ddfe0000 - 0x00007ff8ddfe9000 	C:\WINDOWS\SYSTEM32\WSOCK32.dll
0x00007ff8ebc60000 - 0x00007ff8ebccb000 	C:\WINDOWS\System32\WS2_32.dll
0x00007ff8e8e00000 - 0x00007ff8e8e12000 	C:\WINDOWS\SYSTEM32\kernel.appcore.dll
0x00007ff8b4770000 - 0x00007ff8b477a000 	E:\java-jdk\bin\jimage.dll
0x00007ff8e87c0000 - 0x00007ff8e89a4000 	C:\WINDOWS\SYSTEM32\DBGHELP.DLL
0x00007ff8d6d00000 - 0x00007ff8d6d34000 	C:\WINDOWS\SYSTEM32\dbgcore.DLL
0x00007ff8ea5f0000 - 0x00007ff8ea672000 	C:\WINDOWS\System32\bcryptPrimitives.dll
0x00007ff8af9b0000 - 0x00007ff8af9d6000 	E:\java-jdk\bin\java.dll
0x00007ff87d780000 - 0x00007ff87d857000 	E:\java-jdk\bin\jsvml.dll
0x00007ff8eaec0000 - 0x00007ff8eb604000 	C:\WINDOWS\System32\SHELL32.dll
0x00007ff8e7f00000 - 0x00007ff8e8693000 	C:\WINDOWS\SYSTEM32\windows.storage.dll
0x00007ff8eb900000 - 0x00007ff8ebc54000 	C:\WINDOWS\System32\combase.dll
0x00007ff8e9d40000 - 0x00007ff8e9d6e000 	C:\WINDOWS\SYSTEM32\Wldp.dll
0x00007ff8eb7f0000 - 0x00007ff8eb89d000 	C:\WINDOWS\System32\SHCORE.dll
0x00007ff8ecb00000 - 0x00007ff8ecb55000 	C:\WINDOWS\System32\shlwapi.dll
0x00007ff8ea220000 - 0x00007ff8ea23f000 	C:\WINDOWS\SYSTEM32\profapi.dll
0x00007ff8abca0000 - 0x00007ff8abcb3000 	E:\java-jdk\bin\net.dll
0x00007ff8e3d70000 - 0x00007ff8e3e7a000 	C:\WINDOWS\SYSTEM32\WINHTTP.dll
0x00007ff8e9aa0000 - 0x00007ff8e9b0a000 	C:\WINDOWS\system32\mswsock.dll
0x00007ff8abc80000 - 0x00007ff8abc96000 	E:\java-jdk\bin\nio.dll
0x00007ff8abc30000 - 0x00007ff8abc48000 	E:\java-jdk\bin\zip.dll
0x00007ff86d020000 - 0x00007ff86d1b1000 	E:\java-jdk\bin\awt.dll
0x00007ff8eadf0000 - 0x00007ff8eaebd000 	C:\WINDOWS\System32\OLEAUT32.dll
0x00007ff8e3ab0000 - 0x00007ff8e3b40000 	C:\WINDOWS\SYSTEM32\apphelp.dll
0x00007ff8e3ba0000 - 0x00007ff8e3c3e000 	C:\WINDOWS\system32\uxtheme.dll
0x00007ff8e0a20000 - 0x00007ff8e0a4b000 	C:\Program Files (x86)\UltraViewer\uvh64.dll
0x00007ff8ec570000 - 0x00007ff8ec684000 	C:\WINDOWS\System32\MSCTF.dll
0x00007ff8eb6b0000 - 0x00007ff8eb7da000 	C:\WINDOWS\System32\ole32.dll
0x00007ff8e7930000 - 0x00007ff8e795f000 	C:\WINDOWS\system32\DWMAPI.DLL
0x00007ff8b6000000 - 0x00007ff8b6125000 	C:\WINDOWS\system32\opengl32.dll
0x00007ff8b5f90000 - 0x00007ff8b5fbc000 	C:\WINDOWS\SYSTEM32\GLU32.dll
0x00007ff870500000 - 0x00007ff870586000 	E:\java-jdk\bin\freetype.dll
0x00007ff865f40000 - 0x00007ff866006000 	E:\java-jdk\bin\fontmanager.dll
0x00007ff8ebfd0000 - 0x00007ff8ec079000 	C:\WINDOWS\System32\clbcatq.dll
0x00007ff8e0340000 - 0x00007ff8e04f4000 	C:\WINDOWS\SYSTEM32\WindowsCodecs.dll
0x00007ff8eab40000 - 0x00007ff8eab67000 	C:\WINDOWS\System32\bcrypt.dll
0x00007ff8aedc0000 - 0x00007ff8aedfe000 	C:\WINDOWS\system32\dataexchange.dll
0x00007ff8e23b0000 - 0x00007ff8e2613000 	C:\WINDOWS\system32\d3d11.dll
0x00007ff8e2fb0000 - 0x00007ff8e3193000 	C:\WINDOWS\system32\dcomp.dll
0x00007ff8e8ca0000 - 0x00007ff8e8d93000 	C:\WINDOWS\system32\dxgi.dll
0x00007ff8e19c0000 - 0x00007ff8e1bc0000 	C:\WINDOWS\system32\twinapi.appcore.dll
0x00007ff8bd470000 - 0x00007ff8bd569000 	C:\WINDOWS\SYSTEM32\textinputframework.dll
0x00007ff8e3520000 - 0x00007ff8e387e000 	C:\WINDOWS\System32\CoreUIComponents.dll
0x00007ff8e3880000 - 0x00007ff8e3972000 	C:\WINDOWS\System32\CoreMessaging.dll
0x00007ff8e9490000 - 0x00007ff8e94c3000 	C:\WINDOWS\SYSTEM32\ntmarta.dll
0x00007ff8e2e50000 - 0x00007ff8e2fa4000 	C:\WINDOWS\SYSTEM32\wintypes.dll
0x0000000180000000 - 0x0000000180054000 	C:\Program Files\UniKey\UKHook40.dll
0x00007ff8e9790000 - 0x00007ff8e985b000 	C:\WINDOWS\SYSTEM32\DNSAPI.dll
0x00007ff8e9740000 - 0x00007ff8e977c000 	C:\WINDOWS\SYSTEM32\IPHLPAPI.DLL
0x00007ff8ebdc0000 - 0x00007ff8ebdc8000 	C:\WINDOWS\System32\NSI.dll
0x00007ff8ddeb0000 - 0x00007ff8ddeba000 	C:\Windows\System32\rasadhlp.dll
0x00007ff8d7840000 - 0x00007ff8d78c0000 	C:\WINDOWS\System32\fwpuclnt.dll
0x00007ff8afc60000 - 0x00007ff8afc67000 	E:\java-jdk\bin\extnet.dll
0x00007ff8e9c90000 - 0x00007ff8e9ca8000 	C:\WINDOWS\SYSTEM32\CRYPTSP.dll
0x00007ff8e9350000 - 0x00007ff8e9384000 	C:\WINDOWS\system32\rsaenh.dll
0x00007ff8ea1a0000 - 0x00007ff8ea1ce000 	C:\WINDOWS\SYSTEM32\USERENV.dll
0x00007ff8e9cb0000 - 0x00007ff8e9cbc000 	C:\WINDOWS\SYSTEM32\CRYPTBASE.dll
0x00007ff8dc930000 - 0x00007ff8dc947000 	C:\WINDOWS\SYSTEM32\dhcpcsvc6.DLL
0x00007ff8dc900000 - 0x00007ff8dc91d000 	C:\WINDOWS\SYSTEM32\dhcpcsvc.DLL
0x00007ff8dfa20000 - 0x00007ff8dfa2e000 	E:\java-jdk\bin\sunmscapi.dll
0x00007ff8ea9e0000 - 0x00007ff8eab36000 	C:\WINDOWS\System32\CRYPT32.dll
0x00007ff8e9db0000 - 0x00007ff8e9dd8000 	C:\WINDOWS\SYSTEM32\ncrypt.dll
0x00007ff8e9d70000 - 0x00007ff8e9dab000 	C:\WINDOWS\SYSTEM32\NTASN1.dll
0x00007ff8c34b0000 - 0x00007ff8c34c7000 	C:\WINDOWS\system32\napinsp.dll
0x00007ff8c3490000 - 0x00007ff8c34ab000 	C:\WINDOWS\system32\pnrpnsp.dll
0x00007ff8e10d0000 - 0x00007ff8e10e5000 	C:\WINDOWS\system32\wshbth.dll
0x00007ff8e1c30000 - 0x00007ff8e1c4d000 	C:\WINDOWS\system32\NLAapi.dll
0x00007ff8c3470000 - 0x00007ff8c3482000 	C:\WINDOWS\System32\winrnr.dll
0x00007ff8b0e30000 - 0x00007ff8b0edc000 	C:\WINDOWS\SYSTEM32\TextShaping.dll

dbghelp: loaded successfully - version: 4.0.5 - missing functions: none
symbol engine: initialized successfully - sym options: 0x614 - pdb path: .;E:\java-jdk\bin;C:\WINDOWS\SYSTEM32;C:\WINDOWS\WinSxS\amd64_microsoft.windows.common-controls_6595b64144ccf1df_6.0.19041.1110_none_60b5254171f9507e;E:\java-jdk\bin\server;C:\Program Files (x86)\UltraViewer;C:\Program Files\UniKey

VM Arguments:
jvm_args: -Dfile.encoding=UTF-8 -XX:+ShowCodeDetailsInExceptionMessages 
java_command: GUI_RoleNhanVien.GUI_QuanLiPhongRNV
java_class_path (initial): C:\Users\DELL VOTRO\eclipse-workspace\workspace\BTLQLKS\bin;C:\Users\DELL VOTRO\eclipse-workspace\workspace\BTLQLKS\lib\sqljdbc42.jar
Launcher Type: SUN_STANDARD

[Global flags]
     intx CICompilerCount                          = 4                                         {product} {ergonomic}
     uint ConcGCThreads                            = 2                                         {product} {ergonomic}
     uint G1ConcRefinementThreads                  = 8                                         {product} {ergonomic}
   size_t G1HeapRegionSize                         = 2097152                                   {product} {ergonomic}
    uintx GCDrainStackTargetSize                   = 64                                        {product} {ergonomic}
   size_t InitialHeapSize                          = 199229440                                 {product} {ergonomic}
   size_t MarkStackSize                            = 4194304                                   {product} {ergonomic}
   size_t MaxHeapSize                              = 3162505216                                {product} {ergonomic}
   size_t MaxNewSize                               = 1895825408                                {product} {ergonomic}
   size_t MinHeapDeltaBytes                        = 2097152                                   {product} {ergonomic}
   size_t MinHeapSize                              = 8388608                                   {product} {ergonomic}
    uintx NonNMethodCodeHeapSize                   = 5839372                                {pd product} {ergonomic}
    uintx NonProfiledCodeHeapSize                  = 122909434                              {pd product} {ergonomic}
    uintx ProfiledCodeHeapSize                     = 122909434                              {pd product} {ergonomic}
    uintx ReservedCodeCacheSize                    = 251658240                              {pd product} {ergonomic}
     bool SegmentedCodeCache                       = true                                      {product} {ergonomic}
     bool ShowCodeDetailsInExceptionMessages       = true                                   {manageable} {command line}
   size_t SoftMaxHeapSize                          = 3162505216                             {manageable} {ergonomic}
     bool UseCompressedClassPointers               = true                           {product lp64_product} {ergonomic}
     bool UseCompressedOops                        = true                           {product lp64_product} {ergonomic}
     bool UseG1GC                                  = true                                      {product} {ergonomic}
     bool UseLargePagesIndividualAllocation        = false                                  {pd product} {ergonomic}

Logging:
Log output configuration:
 #0: stdout all=warning uptime,level,tags foldmultilines=false
 #1: stderr all=off uptime,level,tags foldmultilines=false

Environment Variables:
PATH=C:\Program Files\Common Files\Oracle\Java\javapath;C:\Program Files (x86)\VMware\VMware Workstation\bin\;C:\WINDOWS\system32;C:\WINDOWS;C:\WINDOWS\System32\Wbem;C:\WINDOWS\System32\WindowsPowerShell\v1.0\;C:\WINDOWS\System32\OpenSSH\;C:\Program Files\Microsoft SQL Server\Client SDK\ODBC\170\Tools\Binn\;C:\Program Files (x86)\Microsoft SQL Server\150\Tools\Binn\;C:\Program Files\Microsoft SQL Server\150\Tools\Binn\;C:\Program Files\Microsoft SQL Server\150\DTS\Binn\;C:\Program Files (x86)\Microsoft SQL Server\150\DTS\Binn\;C:\Program Files\Azure Data Studio\bin;C:\Program Files\NVIDIA Corporation\NVIDIA NvDLISR;C:\Program Files (x86)\NVIDIA Corporation\PhysX\Common;D:\gitttt\Git\cmd;C:\Program Files\Git\cmd;D:\nodejs\;C:\Program Files\MongoDB\Server\6.0\bin;E:\java-jdk\bin;C:\Users\DELL VOTRO\AppData\Local\Microsoft\WindowsApps;E:\Microsoft VS Code\bin;C:\Program Files\Azure Data Studio\bin;C:\Users\DELL VOTRO\AppData\Roaming\npm;D:\Workspace\nodejs;E:\Lin Minh Huy?n Tho?i\Riot Games;C:\Program Files\MongoDB\Server\6.0\bin;C:\Users\DELL VOTRO\AppData\Local\Programs\mongosh\
USERNAME=DELL VOTRO
OS=Windows_NT
PROCESSOR_IDENTIFIER=Intel64 Family 6 Model 142 Stepping 11, GenuineIntel
TMP=C:\Users\DELLVO~1\AppData\Local\Temp
TEMP=C:\Users\DELLVO~1\AppData\Local\Temp




---------------  S Y S T E M  ---------------

OS:
 Windows 10 , 64 bit Build 19041 (10.0.19041.2788)
OS uptime: 0 days 8:16 hours

CPU: total 8 (initial active 8) (4 cores per cpu, 2 threads per core) family 6 model 142 stepping 11 microcode 0xec, cx8, cmov, fxsr, ht, mmx, 3dnowpref, sse, sse2, sse3, ssse3, sse4.1, sse4.2, popcnt, lzcnt, tsc, tscinvbit, avx, avx2, aes, erms, clmul, bmi1, bmi2, adx, fma, vzeroupper, clflush, clflushopt, rdtscp, f16c

Memory: 4k page, system-wide physical 12056M (2562M free)
TotalPageFile size 34609M (AvailPageFile size 7M)
current process WorkingSet (physical memory assigned to process): 122M, peak: 130M
current process commit charge ("private bytes"): 318M, peak: 328M

vm_info: Java HotSpot(TM) 64-Bit Server VM (20+36-2344) for windows-amd64 JRE (20+36-2344), built on 2023-02-10T19:30:15Z by "mach5one" with MS VC++ 17.1 (VS2022)

END.
