#
# There is insufficient memory for the Java Runtime Environment to continue.
# Native memory allocation (mmap) failed to map 199229440 bytes for G1 virtual space
# Possible reasons:
#   The system is out of physical RAM or swap space
#   The process is running with CompressedOops enabled, and the Java Heap may be blocking the growth of the native heap
# Possible solutions:
#   Reduce memory load on the system
#   Increase physical memory or swap space
#   Check if swap backing store is full
#   Decrease Java heap size (-Xmx/-Xms)
#   Decrease number of Java threads
#   Decrease Java thread stack sizes (-Xss)
#   Set larger code cache with -XX:ReservedCodeCacheSize=
#   JVM is running with Zero Based Compressed Oops mode in which the Java heap is
#     placed in the first 32GB address space. The Java Heap base address is the
#     maximum limit for the native heap growth. Please use -XX:HeapBaseMinAddress
#     to set the Java Heap base and to place the Java Heap above 32GB virtual address.
# This output file may be truncated or incomplete.
#
#  Out of Memory Error (os_windows.cpp:3528), pid=22052, tid=15560
#
# JRE version:  (20.0+36) (build )
# Java VM: Java HotSpot(TM) 64-Bit Server VM (20+36-2344, mixed mode, sharing, tiered, compressed oops, compressed class ptrs, g1 gc, windows-amd64)
# No core dump will be written. Minidumps are not enabled by default on client versions of Windows
#

---------------  S U M M A R Y ------------

Command Line: -Dfile.encoding=UTF-8 -XX:+ShowCodeDetailsInExceptionMessages GUI_RoleNhanVien.GUI_QuanLiPhongRNV

Host: Intel(R) Core(TM) i5-8265U CPU @ 1.60GHz, 8 cores, 11G,  Windows 10 , 64 bit Build 19041 (10.0.19041.2788)
Time: Tue May  9 22:35:02 2023 SE Asia Standard Time elapsed time: 0.015363 seconds (0d 0h 0m 0s)

---------------  T H R E A D  ---------------

Current thread (0x000001eb075a7ba0):  JavaThread "Unknown thread" [_thread_in_vm, id=15560, stack(0x0000005576d00000,0x0000005576e00000)]

Stack: [0x0000005576d00000,0x0000005576e00000]
Native frames: (J=compiled Java code, j=interpreted, Vv=VM code, C=native code)
V  [jvm.dll+0x6bb95a]
V  [jvm.dll+0x8483aa]
V  [jvm.dll+0x849fa5]
V  [jvm.dll+0x84a6a3]
V  [jvm.dll+0x280b0f]
V  [jvm.dll+0x6b86e9]
V  [jvm.dll+0x6ad2da]
V  [jvm.dll+0x35adf5]
V  [jvm.dll+0x363016]
V  [jvm.dll+0x3b3b3e]
V  [jvm.dll+0x3b3dc5]
V  [jvm.dll+0x32b50a]
V  [jvm.dll+0x32c32b]
V  [jvm.dll+0x81106f]
V  [jvm.dll+0x3c0d91]
V  [jvm.dll+0x7fcd93]
V  [jvm.dll+0x44c76f]
V  [jvm.dll+0x44e0e1]
C  [jli.dll+0x5287]
C  [ucrtbase.dll+0x21bb2]
C  [KERNEL32.DLL+0x17604]
C  [ntdll.dll+0x526a1]


---------------  P R O C E S S  ---------------

Threads class SMR info:
_java_thread_list=0x00007ff86e22a098, length=0, elements={
}

Java Threads: ( => current thread )

Other Threads:
  0x000001eb07608e10 WorkerThread "GC Thread#0" [stack: 0x0000005576e00000,0x0000005576f00000] [id=312]
  0x000001eb076158b0 ConcurrentGCThread "G1 Main Marker" [stack: 0x0000005576f00000,0x0000005577000000] [id=18776]
  0x000001eb07616b30 WorkerThread "G1 Conc#0" [stack: 0x0000005577000000,0x0000005577100000] [id=14364]

[error occurred during error reporting (printing all threads), id 0xc0000005, EXCEPTION_ACCESS_VIOLATION (0xc0000005) at pc=0x00007ff86da0eb47]
VM state: not at safepoint (not fully initialized)

VM Mutex/Monitor currently owned by a thread:  ([mutex/lock_event])
[0x000001eb07597d70] Heap_lock - owner thread: 0x000001eb075a7ba0

Heap address: 0x0000000743800000, size: 3016 MB, Compressed Oops mode: Zero based, Oop shift amount: 3

CDS archive(s) mapped at: [0x0000000000000000-0x0000000000000000-0x0000000000000000), size 0, SharedBaseAddress: 0x0000000800000000, ArchiveRelocationMode: 0.
Narrow klass base: 0x0000000000000000, Narrow klass shift: 0, Narrow klass range: 0x0

GC Precious Log:
 CardTable entry size: 512
 Card Set container configuration: InlinePtr #cards 4 size 8 Array Of Cards #cards 16 size 48 Howl #buckets 8 coarsen threshold 3686 Howl Bitmap #cards 512 size 80 coarsen threshold 460 Card regions per heap region 1 cards per card region 4096

Heap:
 garbage-first heap   total 0K, used 0K [0x0000000743800000, 0x0000000800000000)
  region size 2048K, 0 young (0K), 0 survivors (0K)

[error occurred during error reporting (printing heap information), id 0xc0000005, EXCEPTION_ACCESS_VIOLATION (0xc0000005) at pc=0x00007ff86dde3c59]
GC Heap History (0 events):
No events

Dll operation events (1 events):
Event: 0.011 Loaded shared library E:\java-jdk\bin\java.dll

Deoptimization events (0 events):
No events

Classes loaded (0 events):
No events

Classes unloaded (0 events):
No events

Classes redefined (0 events):
No events

Internal exceptions (0 events):
No events

VM Operations (0 events):
No events

Events (0 events):
No events


Dynamic libraries:
0x00007ff6ef530000 - 0x00007ff6ef540000 	E:\java-jdk\bin\javaw.exe
0x00007ff8ecbd0000 - 0x00007ff8ecdc8000 	C:\WINDOWS\SYSTEM32\ntdll.dll
0x00007ff8ebde0000 - 0x00007ff8ebe9f000 	C:\WINDOWS\System32\KERNEL32.DLL
0x00007ff8ea2e0000 - 0x00007ff8ea5ba000 	C:\WINDOWS\System32\KERNELBASE.dll
0x00007ff8ea680000 - 0x00007ff8ea780000 	C:\WINDOWS\System32\ucrtbase.dll
0x00007ff8afb00000 - 0x00007ff8afb19000 	E:\java-jdk\bin\jli.dll
0x00007ff8afb20000 - 0x00007ff8afb3b000 	E:\java-jdk\bin\VCRUNTIME140.dll
0x00007ff8ec080000 - 0x00007ff8ec12e000 	C:\WINDOWS\System32\ADVAPI32.dll
0x00007ff8eb610000 - 0x00007ff8eb6ae000 	C:\WINDOWS\System32\msvcrt.dll
0x00007ff8ebd00000 - 0x00007ff8ebd9c000 	C:\WINDOWS\System32\sechost.dll
0x00007ff8ebea0000 - 0x00007ff8ebfc6000 	C:\WINDOWS\System32\RPCRT4.dll
0x00007ff8ec130000 - 0x00007ff8ec2cd000 	C:\WINDOWS\System32\USER32.dll
0x00007ff8ea5c0000 - 0x00007ff8ea5e2000 	C:\WINDOWS\System32\win32u.dll
0x00007ff8ebcd0000 - 0x00007ff8ebcfb000 	C:\WINDOWS\System32\GDI32.dll
0x00007ff8ea830000 - 0x00007ff8ea940000 	C:\WINDOWS\System32\gdi32full.dll
0x00007ff8bec70000 - 0x00007ff8bef0a000 	C:\WINDOWS\WinSxS\amd64_microsoft.windows.common-controls_6595b64144ccf1df_6.0.19041.1110_none_60b5254171f9507e\COMCTL32.dll
0x00007ff8ea940000 - 0x00007ff8ea9dd000 	C:\WINDOWS\System32\msvcp_win.dll
0x00007ff8dc920000 - 0x00007ff8dc92a000 	C:\WINDOWS\SYSTEM32\VERSION.dll
0x00007ff8ecb60000 - 0x00007ff8ecb90000 	C:\WINDOWS\System32\IMM32.DLL
0x00007ff8df0f0000 - 0x00007ff8df0fc000 	E:\java-jdk\bin\vcruntime140_1.dll
0x00007ff8ac000000 - 0x00007ff8ac08e000 	E:\java-jdk\bin\msvcp140.dll
0x00007ff86d6d0000 - 0x00007ff86e367000 	E:\java-jdk\bin\server\jvm.dll
0x00007ff8ddfe0000 - 0x00007ff8ddfe9000 	C:\WINDOWS\SYSTEM32\WSOCK32.dll
0x00007ff8e4440000 - 0x00007ff8e4467000 	C:\WINDOWS\SYSTEM32\WINMM.dll
0x00007ff8ebc60000 - 0x00007ff8ebccb000 	C:\WINDOWS\System32\WS2_32.dll
0x00007ff8e8e00000 - 0x00007ff8e8e12000 	C:\WINDOWS\SYSTEM32\kernel.appcore.dll
0x00007ff8b4770000 - 0x00007ff8b477a000 	E:\java-jdk\bin\jimage.dll
0x00007ff8e87c0000 - 0x00007ff8e89a4000 	C:\WINDOWS\SYSTEM32\DBGHELP.DLL
0x00007ff8d6d00000 - 0x00007ff8d6d34000 	C:\WINDOWS\SYSTEM32\dbgcore.DLL
0x00007ff8ea5f0000 - 0x00007ff8ea672000 	C:\WINDOWS\System32\bcryptPrimitives.dll
0x00007ff8af9b0000 - 0x00007ff8af9d6000 	E:\java-jdk\bin\java.dll

dbghelp: loaded successfully - version: 4.0.5 - missing functions: none
symbol engine: initialized successfully - sym options: 0x614 - pdb path: .;E:\java-jdk\bin;C:\WINDOWS\SYSTEM32;C:\WINDOWS\WinSxS\amd64_microsoft.windows.common-controls_6595b64144ccf1df_6.0.19041.1110_none_60b5254171f9507e;E:\java-jdk\bin\server

VM Arguments:
jvm_args: -Dfile.encoding=UTF-8 -XX:+ShowCodeDetailsInExceptionMessages 
java_command: GUI_RoleNhanVien.GUI_QuanLiPhongRNV
java_class_path (initial): C:\Users\DELL VOTRO\eclipse-workspace\workspace\BTLQLKS\bin;C:\Users\DELL VOTRO\eclipse-workspace\workspace\BTLQLKS\lib\sqljdbc42.jar
Launcher Type: SUN_STANDARD

[Global flags]
     intx CICompilerCount                          = 4                                         {product} {ergonomic}
     uint ConcGCThreads                            = 2                                         {product} {ergonomic}
     uint G1ConcRefinementThreads                  = 8                                         {product} {ergonomic}
   size_t G1HeapRegionSize                         = 2097152                                   {product} {ergonomic}
    uintx GCDrainStackTargetSize                   = 64                                        {product} {ergonomic}
   size_t InitialHeapSize                          = 199229440                                 {product} {ergonomic}
   size_t MarkStackSize                            = 4194304                                   {product} {ergonomic}
   size_t MaxHeapSize                              = 3162505216                                {product} {ergonomic}
   size_t MinHeapDeltaBytes                        = 2097152                                   {product} {ergonomic}
   size_t MinHeapSize                              = 8388608                                   {product} {ergonomic}
    uintx NonNMethodCodeHeapSize                   = 5839372                                {pd product} {ergonomic}
    uintx NonProfiledCodeHeapSize                  = 122909434                              {pd product} {ergonomic}
    uintx ProfiledCodeHeapSize                     = 122909434                              {pd product} {ergonomic}
    uintx ReservedCodeCacheSize                    = 251658240                              {pd product} {ergonomic}
     bool SegmentedCodeCache                       = true                                      {product} {ergonomic}
     bool ShowCodeDetailsInExceptionMessages       = true                                   {manageable} {command line}
   size_t SoftMaxHeapSize                          = 3162505216                             {manageable} {ergonomic}
     bool UseCompressedClassPointers               = true                           {product lp64_product} {ergonomic}
     bool UseCompressedOops                        = true                           {product lp64_product} {ergonomic}
     bool UseG1GC                                  = true                                      {product} {ergonomic}
     bool UseLargePagesIndividualAllocation        = false                                  {pd product} {ergonomic}

Logging:
Log output configuration:
 #0: stdout all=warning uptime,level,tags foldmultilines=false
 #1: stderr all=off uptime,level,tags foldmultilines=false

Environment Variables:
PATH=C:\Program Files\Common Files\Oracle\Java\javapath;C:\Program Files (x86)\VMware\VMware Workstation\bin\;C:\WINDOWS\system32;C:\WINDOWS;C:\WINDOWS\System32\Wbem;C:\WINDOWS\System32\WindowsPowerShell\v1.0\;C:\WINDOWS\System32\OpenSSH\;C:\Program Files\Microsoft SQL Server\Client SDK\ODBC\170\Tools\Binn\;C:\Program Files (x86)\Microsoft SQL Server\150\Tools\Binn\;C:\Program Files\Microsoft SQL Server\150\Tools\Binn\;C:\Program Files\Microsoft SQL Server\150\DTS\Binn\;C:\Program Files (x86)\Microsoft SQL Server\150\DTS\Binn\;C:\Program Files\Azure Data Studio\bin;C:\Program Files\NVIDIA Corporation\NVIDIA NvDLISR;C:\Program Files (x86)\NVIDIA Corporation\PhysX\Common;D:\gitttt\Git\cmd;C:\Program Files\Git\cmd;D:\nodejs\;C:\Program Files\MongoDB\Server\6.0\bin;E:\java-jdk\bin;C:\Users\DELL VOTRO\AppData\Local\Microsoft\WindowsApps;E:\Microsoft VS Code\bin;C:\Program Files\Azure Data Studio\bin;C:\Users\DELL VOTRO\AppData\Roaming\npm;D:\Workspace\nodejs;E:\Liên Minh Huy?n Tho?i\Riot Games;C:\Program Files\MongoDB\Server\6.0\bin;C:\Users\DELL VOTRO\AppData\Local\Programs\mongosh\
USERNAME=DELL VOTRO
OS=Windows_NT
PROCESSOR_IDENTIFIER=Intel64 Family 6 Model 142 Stepping 11, GenuineIntel
TMP=C:\Users\DELLVO~1\AppData\Local\Temp
TEMP=C:\Users\DELLVO~1\AppData\Local\Temp




---------------  S Y S T E M  ---------------

OS:
 Windows 10 , 64 bit Build 19041 (10.0.19041.2788)
OS uptime: 0 days 7:57 hours

CPU: total 8 (initial active 8) (4 cores per cpu, 2 threads per core) family 6 model 142 stepping 11 microcode 0xec, cx8, cmov, fxsr, ht, mmx, 3dnowpref, sse, sse2, sse3, ssse3, sse4.1, sse4.2, popcnt, lzcnt, tsc, tscinvbit, avx, avx2, aes, erms, clmul, bmi1, bmi2, adx, fma, vzeroupper, clflush, clflushopt, rdtscp, f16c

Memory: 4k page, system-wide physical 12056M (1631M free)
TotalPageFile size 34609M (AvailPageFile size 180M)
current process WorkingSet (physical memory assigned to process): 10M, peak: 10M
current process commit charge ("private bytes"): 60M, peak: 250M

vm_info: Java HotSpot(TM) 64-Bit Server VM (20+36-2344) for windows-amd64 JRE (20+36-2344), built on 2023-02-10T19:30:15Z by "mach5one" with MS VC++ 17.1 (VS2022)

END.
